2025-09-10 13:42:50.624 INFO  [main] c.c.audit.AuditServiceApplication - Starting AuditServiceApplication using Java 21.0.8 with PID 40916 (C:\Users\poojitha.gandla\Team1_Big_Project_final\Audit\target\classes started by poojitha.gandla in C:\Users\poojitha.gandla\Team1_Big_Project_final)
2025-09-10 13:42:50.632 DEBUG [main] c.c.audit.AuditServiceApplication - Running with Spring Boot v3.5.4, Spring v6.2.9
2025-09-10 13:42:50.634 INFO  [main] c.c.audit.AuditServiceApplication - No active profile set, falling back to 1 default profile: "default"
2025-09-10 13:42:52.193 INFO  [main] o.s.d.r.c.RepositoryConfigurationDelegate - Bootstrapping Spring Data MongoDB repositories in DEFAULT mode.
2025-09-10 13:42:52.342 INFO  [main] o.s.d.r.c.RepositoryConfigurationDelegate - Finished Spring Data repository scanning in 128 ms. Found 1 MongoDB repository interface.
2025-09-10 13:42:53.518 INFO  [main] o.s.b.w.e.tomcat.TomcatWebServer - Tomcat initialized with port 8093 (http)
2025-09-10 13:42:53.551 INFO  [main] o.a.catalina.core.StandardService - Starting service [Tomcat]
2025-09-10 13:42:53.551 INFO  [main] o.a.catalina.core.StandardEngine - Starting Servlet engine: [Apache Tomcat/10.1.43]
2025-09-10 13:42:53.684 INFO  [main] o.a.c.c.C.[Tomcat].[localhost].[/] - Initializing Spring embedded WebApplicationContext
2025-09-10 13:42:53.686 INFO  [main] o.s.b.w.s.c.ServletWebServerApplicationContext - Root WebApplicationContext: initialization completed in 2932 ms
2025-09-10 13:42:54.393 INFO  [main] org.mongodb.driver.client - MongoClient with metadata {"driver": {"name": "mongo-java-driver|sync|spring-boot", "version": "5.5.1"}, "os": {"type": "Windows", "name": "Windows 11", "architecture": "amd64", "version": "10.0"}, "platform": "Java/Oracle Corporation/21.0.8+12-LTS-250"} created with settings MongoClientSettings{readPreference=primary, writeConcern=WriteConcern{w=null, wTimeout=null ms, journal=null}, retryWrites=true, retryReads=true, readConcern=ReadConcern{level=null}, credential=null, transportSettings=null, commandListeners=[], codecRegistry=ProvidersCodecRegistry{codecProviders=[ValueCodecProvider{}, BsonValueCodecProvider{}, DBRefCodecProvider{}, DBObjectCodecProvider{}, DocumentCodecProvider{}, CollectionCodecProvider{}, IterableCodecProvider{}, MapCodecProvider{}, GeoJsonCodecProvider{}, GridFSFileCodecProvider{}, Jsr310CodecProvider{}, JsonObjectCodecProvider{}, BsonCodecProvider{}, EnumCodecProvider{}, com.mongodb.client.model.mql.ExpressionCodecProvider@2da99821, com.mongodb.Jep395RecordCodecProvider@62cba181, com.mongodb.KotlinCodecProvider@1b482cbf]}, loggerSettings=LoggerSettings{maxDocumentLength=1000}, clusterSettings={hosts=[localhost:27017], srvServiceName=mongodb, mode=SINGLE, requiredClusterType=UNKNOWN, requiredReplicaSetName='null', serverSelector='null', clusterListeners='[]', serverSelectionTimeout='30000 ms', localThreshold='15 ms'}, socketSettings=SocketSettings{connectTimeoutMS=10000, readTimeoutMS=0, receiveBufferSize=0, proxySettings=ProxySettings{host=null, port=null, username=null, password=null}}, heartbeatSocketSettings=SocketSettings{connectTimeoutMS=10000, readTimeoutMS=10000, receiveBufferSize=0, proxySettings=ProxySettings{host=null, port=null, username=null, password=null}}, connectionPoolSettings=ConnectionPoolSettings{maxSize=100, minSize=0, maxWaitTimeMS=120000, maxConnectionLifeTimeMS=0, maxConnectionIdleTimeMS=0, maintenanceInitialDelayMS=0, maintenanceFrequencyMS=60000, connectionPoolListeners=[], maxConnecting=2}, serverSettings=ServerSettings{heartbeatFrequencyMS=10000, minHeartbeatFrequencyMS=500, serverMonitoringMode=AUTO, serverListeners='[]', serverMonitorListeners='[]'}, sslSettings=SslSettings{enabled=false, invalidHostNameAllowed=false, context=null}, applicationName='null', compressorList=[], uuidRepresentation=JAVA_LEGACY, serverApi=null, autoEncryptionSettings=null, dnsClient=null, inetAddressResolver=null, contextProvider=null, timeoutMS=null}
2025-09-10 13:42:54.444 INFO  [cluster-ClusterId{value='68c133063816ba9ac044c515', description='null'}-localhost:27017] org.mongodb.driver.cluster - Monitor thread successfully connected to server with description ServerDescription{address=localhost:27017, type=STANDALONE, cryptd=false, state=CONNECTED, ok=true, minWireVersion=0, maxWireVersion=25, maxDocumentSize=16777216, logicalSessionTimeoutMinutes=30, roundTripTimeNanos=55439800, minRoundTripTimeNanos=0}
2025-09-10 13:42:56.535 INFO  [main] o.s.b.w.e.tomcat.TomcatWebServer - Tomcat started on port 8093 (http) with context path '/'
2025-09-10 13:42:56.636 INFO  [main] o.a.k.c.consumer.ConsumerConfig - ConsumerConfig values: 
	allow.auto.create.topics = true
	auto.commit.interval.ms = 5000
	auto.include.jmx.reporter = true
	auto.offset.reset = earliest
	bootstrap.servers = [localhost:9092]
	check.crcs = true
	client.dns.lookup = use_all_dns_ips
	client.id = consumer-audit-service-1
	client.rack = 
	connections.max.idle.ms = 540000
	default.api.timeout.ms = 60000
	enable.auto.commit = false
	enable.metrics.push = true
	exclude.internal.topics = true
	fetch.max.bytes = 52428800
	fetch.max.wait.ms = 500
	fetch.min.bytes = 1
	group.id = audit-service
	group.instance.id = null
	group.protocol = classic
	group.remote.assignor = null
	heartbeat.interval.ms = 3000
	interceptor.classes = []
	internal.leave.group.on.close = true
	internal.throw.on.fetch.stable.offset.unsupported = false
	isolation.level = read_uncommitted
	key.deserializer = class org.apache.kafka.common.serialization.StringDeserializer
	max.partition.fetch.bytes = 1048576
	max.poll.interval.ms = 300000
	max.poll.records = 500
	metadata.max.age.ms = 300000
	metadata.recovery.strategy = none
	metric.reporters = []
	metrics.num.samples = 2
	metrics.recording.level = INFO
	metrics.sample.window.ms = 30000
	partition.assignment.strategy = [class org.apache.kafka.clients.consumer.RangeAssignor, class org.apache.kafka.clients.consumer.CooperativeStickyAssignor]
	receive.buffer.bytes = 65536
	reconnect.backoff.max.ms = 1000
	reconnect.backoff.ms = 50
	request.timeout.ms = 30000
	retry.backoff.max.ms = 1000
	retry.backoff.ms = 100
	sasl.client.callback.handler.class = null
	sasl.jaas.config = null
	sasl.kerberos.kinit.cmd = /usr/bin/kinit
	sasl.kerberos.min.time.before.relogin = 60000
	sasl.kerberos.service.name = null
	sasl.kerberos.ticket.renew.jitter = 0.05
	sasl.kerberos.ticket.renew.window.factor = 0.8
	sasl.login.callback.handler.class = null
	sasl.login.class = null
	sasl.login.connect.timeout.ms = null
	sasl.login.read.timeout.ms = null
	sasl.login.refresh.buffer.seconds = 300
	sasl.login.refresh.min.period.seconds = 60
	sasl.login.refresh.window.factor = 0.8
	sasl.login.refresh.window.jitter = 0.05
	sasl.login.retry.backoff.max.ms = 10000
	sasl.login.retry.backoff.ms = 100
	sasl.mechanism = GSSAPI
	sasl.oauthbearer.clock.skew.seconds = 30
	sasl.oauthbearer.expected.audience = null
	sasl.oauthbearer.expected.issuer = null
	sasl.oauthbearer.header.urlencode = false
	sasl.oauthbearer.jwks.endpoint.refresh.ms = 3600000
	sasl.oauthbearer.jwks.endpoint.retry.backoff.max.ms = 10000
	sasl.oauthbearer.jwks.endpoint.retry.backoff.ms = 100
	sasl.oauthbearer.jwks.endpoint.url = null
	sasl.oauthbearer.scope.claim.name = scope
	sasl.oauthbearer.sub.claim.name = sub
	sasl.oauthbearer.token.endpoint.url = null
	security.protocol = PLAINTEXT
	security.providers = null
	send.buffer.bytes = 131072
	session.timeout.ms = 45000
	socket.connection.setup.timeout.max.ms = 30000
	socket.connection.setup.timeout.ms = 10000
	ssl.cipher.suites = null
	ssl.enabled.protocols = [TLSv1.2, TLSv1.3]
	ssl.endpoint.identification.algorithm = https
	ssl.engine.factory.class = null
	ssl.key.password = null
	ssl.keymanager.algorithm = SunX509
	ssl.keystore.certificate.chain = null
	ssl.keystore.key = null
	ssl.keystore.location = null
	ssl.keystore.password = null
	ssl.keystore.type = JKS
	ssl.protocol = TLSv1.3
	ssl.provider = null
	ssl.secure.random.implementation = null
	ssl.trustmanager.algorithm = PKIX
	ssl.truststore.certificates = null
	ssl.truststore.location = null
	ssl.truststore.password = null
	ssl.truststore.type = JKS
	value.deserializer = class org.springframework.kafka.support.serializer.JsonDeserializer

2025-09-10 13:42:56.764 INFO  [main] o.a.k.c.t.i.KafkaMetricsCollector - initializing Kafka metrics collector
2025-09-10 13:42:57.363 INFO  [main] o.a.kafka.common.utils.AppInfoParser - Kafka version: 3.9.1
2025-09-10 13:42:57.365 INFO  [main] o.a.kafka.common.utils.AppInfoParser - Kafka commitId: f745dfdcee2b9851
2025-09-10 13:42:57.365 INFO  [main] o.a.kafka.common.utils.AppInfoParser - Kafka startTimeMs: 1757491977358
2025-09-10 13:42:57.372 INFO  [main] o.a.k.c.c.i.ClassicKafkaConsumer - [Consumer clientId=consumer-audit-service-1, groupId=audit-service] Subscribed to topic(s): audit-events
2025-09-10 13:42:57.391 INFO  [main] o.a.k.c.consumer.ConsumerConfig - ConsumerConfig values: 
	allow.auto.create.topics = true
	auto.commit.interval.ms = 5000
	auto.include.jmx.reporter = true
	auto.offset.reset = earliest
	bootstrap.servers = [localhost:9092]
	check.crcs = true
	client.dns.lookup = use_all_dns_ips
	client.id = consumer-audit-service-2
	client.rack = 
	connections.max.idle.ms = 540000
	default.api.timeout.ms = 60000
	enable.auto.commit = false
	enable.metrics.push = true
	exclude.internal.topics = true
	fetch.max.bytes = 52428800
	fetch.max.wait.ms = 500
	fetch.min.bytes = 1
	group.id = audit-service
	group.instance.id = null
	group.protocol = classic
	group.remote.assignor = null
	heartbeat.interval.ms = 3000
	interceptor.classes = []
	internal.leave.group.on.close = true
	internal.throw.on.fetch.stable.offset.unsupported = false
	isolation.level = read_uncommitted
	key.deserializer = class org.apache.kafka.common.serialization.StringDeserializer
	max.partition.fetch.bytes = 1048576
	max.poll.interval.ms = 300000
	max.poll.records = 500
	metadata.max.age.ms = 300000
	metadata.recovery.strategy = none
	metric.reporters = []
	metrics.num.samples = 2
	metrics.recording.level = INFO
	metrics.sample.window.ms = 30000
	partition.assignment.strategy = [class org.apache.kafka.clients.consumer.RangeAssignor, class org.apache.kafka.clients.consumer.CooperativeStickyAssignor]
	receive.buffer.bytes = 65536
	reconnect.backoff.max.ms = 1000
	reconnect.backoff.ms = 50
	request.timeout.ms = 30000
	retry.backoff.max.ms = 1000
	retry.backoff.ms = 100
	sasl.client.callback.handler.class = null
	sasl.jaas.config = null
	sasl.kerberos.kinit.cmd = /usr/bin/kinit
	sasl.kerberos.min.time.before.relogin = 60000
	sasl.kerberos.service.name = null
	sasl.kerberos.ticket.renew.jitter = 0.05
	sasl.kerberos.ticket.renew.window.factor = 0.8
	sasl.login.callback.handler.class = null
	sasl.login.class = null
	sasl.login.connect.timeout.ms = null
	sasl.login.read.timeout.ms = null
	sasl.login.refresh.buffer.seconds = 300
	sasl.login.refresh.min.period.seconds = 60
	sasl.login.refresh.window.factor = 0.8
	sasl.login.refresh.window.jitter = 0.05
	sasl.login.retry.backoff.max.ms = 10000
	sasl.login.retry.backoff.ms = 100
	sasl.mechanism = GSSAPI
	sasl.oauthbearer.clock.skew.seconds = 30
	sasl.oauthbearer.expected.audience = null
	sasl.oauthbearer.expected.issuer = null
	sasl.oauthbearer.header.urlencode = false
	sasl.oauthbearer.jwks.endpoint.refresh.ms = 3600000
	sasl.oauthbearer.jwks.endpoint.retry.backoff.max.ms = 10000
	sasl.oauthbearer.jwks.endpoint.retry.backoff.ms = 100
	sasl.oauthbearer.jwks.endpoint.url = null
	sasl.oauthbearer.scope.claim.name = scope
	sasl.oauthbearer.sub.claim.name = sub
	sasl.oauthbearer.token.endpoint.url = null
	security.protocol = PLAINTEXT
	security.providers = null
	send.buffer.bytes = 131072
	session.timeout.ms = 45000
	socket.connection.setup.timeout.max.ms = 30000
	socket.connection.setup.timeout.ms = 10000
	ssl.cipher.suites = null
	ssl.enabled.protocols = [TLSv1.2, TLSv1.3]
	ssl.endpoint.identification.algorithm = https
	ssl.engine.factory.class = null
	ssl.key.password = null
	ssl.keymanager.algorithm = SunX509
	ssl.keystore.certificate.chain = null
	ssl.keystore.key = null
	ssl.keystore.location = null
	ssl.keystore.password = null
	ssl.keystore.type = JKS
	ssl.protocol = TLSv1.3
	ssl.provider = null
	ssl.secure.random.implementation = null
	ssl.trustmanager.algorithm = PKIX
	ssl.truststore.certificates = null
	ssl.truststore.location = null
	ssl.truststore.password = null
	ssl.truststore.type = JKS
	value.deserializer = class org.springframework.kafka.support.serializer.JsonDeserializer

2025-09-10 13:42:57.392 INFO  [main] o.a.k.c.t.i.KafkaMetricsCollector - initializing Kafka metrics collector
2025-09-10 13:42:57.411 INFO  [main] o.a.kafka.common.utils.AppInfoParser - Kafka version: 3.9.1
2025-09-10 13:42:57.411 INFO  [main] o.a.kafka.common.utils.AppInfoParser - Kafka commitId: f745dfdcee2b9851
2025-09-10 13:42:57.412 INFO  [main] o.a.kafka.common.utils.AppInfoParser - Kafka startTimeMs: 1757491977411
2025-09-10 13:42:57.414 INFO  [main] o.a.k.c.c.i.ClassicKafkaConsumer - [Consumer clientId=consumer-audit-service-2, groupId=audit-service] Subscribed to topic(s): audit-events-raw
2025-09-10 13:42:57.429 INFO  [main] c.c.audit.AuditServiceApplication - Started AuditServiceApplication in 8.036 seconds (process running for 8.999)
2025-09-10 13:42:58.504 INFO  [org.springframework.kafka.KafkaListenerEndpointContainer#0-0-C-1] org.apache.kafka.clients.Metadata - [Consumer clientId=consumer-audit-service-1, groupId=audit-service] Cluster ID: gLOOEzskQwmG-lHzFalP0g
2025-09-10 13:42:58.504 INFO  [org.springframework.kafka.KafkaListenerEndpointContainer#1-0-C-1] org.apache.kafka.clients.Metadata - [Consumer clientId=consumer-audit-service-2, groupId=audit-service] Cluster ID: gLOOEzskQwmG-lHzFalP0g
2025-09-10 13:42:58.505 INFO  [org.springframework.kafka.KafkaListenerEndpointContainer#1-0-C-1] o.a.k.c.c.i.ConsumerCoordinator - [Consumer clientId=consumer-audit-service-2, groupId=audit-service] Discovered group coordinator localhost:9092 (id: 2147483646 rack: null)
2025-09-10 13:42:58.505 INFO  [org.springframework.kafka.KafkaListenerEndpointContainer#0-0-C-1] o.a.k.c.c.i.ConsumerCoordinator - [Consumer clientId=consumer-audit-service-1, groupId=audit-service] Discovered group coordinator localhost:9092 (id: 2147483646 rack: null)
2025-09-10 13:42:58.514 INFO  [org.springframework.kafka.KafkaListenerEndpointContainer#0-0-C-1] o.a.k.c.c.i.ConsumerCoordinator - [Consumer clientId=consumer-audit-service-1, groupId=audit-service] (Re-)joining group
2025-09-10 13:42:58.514 INFO  [org.springframework.kafka.KafkaListenerEndpointContainer#1-0-C-1] o.a.k.c.c.i.ConsumerCoordinator - [Consumer clientId=consumer-audit-service-2, groupId=audit-service] (Re-)joining group
2025-09-10 13:42:58.562 INFO  [org.springframework.kafka.KafkaListenerEndpointContainer#0-0-C-1] o.a.k.c.c.i.ConsumerCoordinator - [Consumer clientId=consumer-audit-service-1, groupId=audit-service] Request joining group due to: need to re-join with the given member-id: consumer-audit-service-1-de8ef069-fefc-4fb0-9f46-fe481053e8a9
2025-09-10 13:42:58.562 INFO  [org.springframework.kafka.KafkaListenerEndpointContainer#1-0-C-1] o.a.k.c.c.i.ConsumerCoordinator - [Consumer clientId=consumer-audit-service-2, groupId=audit-service] Request joining group due to: need to re-join with the given member-id: consumer-audit-service-2-f358af08-4727-4c61-b93b-d90118e9249a
2025-09-10 13:42:58.563 INFO  [org.springframework.kafka.KafkaListenerEndpointContainer#0-0-C-1] o.a.k.c.c.i.ConsumerCoordinator - [Consumer clientId=consumer-audit-service-1, groupId=audit-service] (Re-)joining group
2025-09-10 13:42:58.563 INFO  [org.springframework.kafka.KafkaListenerEndpointContainer#1-0-C-1] o.a.k.c.c.i.ConsumerCoordinator - [Consumer clientId=consumer-audit-service-2, groupId=audit-service] (Re-)joining group
2025-09-10 13:43:01.549 INFO  [org.springframework.kafka.KafkaListenerEndpointContainer#0-0-C-1] o.a.k.c.c.i.ConsumerCoordinator - [Consumer clientId=consumer-audit-service-1, groupId=audit-service] Successfully joined group with generation Generation{generationId=15, memberId='consumer-audit-service-1-de8ef069-fefc-4fb0-9f46-fe481053e8a9', protocol='range'}
2025-09-10 13:43:01.549 INFO  [org.springframework.kafka.KafkaListenerEndpointContainer#1-0-C-1] o.a.k.c.c.i.ConsumerCoordinator - [Consumer clientId=consumer-audit-service-2, groupId=audit-service] Successfully joined group with generation Generation{generationId=15, memberId='consumer-audit-service-2-f358af08-4727-4c61-b93b-d90118e9249a', protocol='range'}
2025-09-10 13:43:01.658 INFO  [org.springframework.kafka.KafkaListenerEndpointContainer#1-0-C-1] o.a.k.c.c.i.ConsumerCoordinator - [Consumer clientId=consumer-audit-service-2, groupId=audit-service] Finished assignment for group at generation 15: {consumer-audit-service-1-de8ef069-fefc-4fb0-9f46-fe481053e8a9=Assignment(partitions=[audit-events-0]), consumer-audit-service-2-f358af08-4727-4c61-b93b-d90118e9249a=Assignment(partitions=[audit-events-raw-0])}
2025-09-10 13:43:01.677 INFO  [org.springframework.kafka.KafkaListenerEndpointContainer#0-0-C-1] o.a.k.c.c.i.ConsumerCoordinator - [Consumer clientId=consumer-audit-service-1, groupId=audit-service] Successfully synced group in generation Generation{generationId=15, memberId='consumer-audit-service-1-de8ef069-fefc-4fb0-9f46-fe481053e8a9', protocol='range'}
2025-09-10 13:43:01.677 INFO  [org.springframework.kafka.KafkaListenerEndpointContainer#1-0-C-1] o.a.k.c.c.i.ConsumerCoordinator - [Consumer clientId=consumer-audit-service-2, groupId=audit-service] Successfully synced group in generation Generation{generationId=15, memberId='consumer-audit-service-2-f358af08-4727-4c61-b93b-d90118e9249a', protocol='range'}
2025-09-10 13:43:01.678 INFO  [org.springframework.kafka.KafkaListenerEndpointContainer#0-0-C-1] o.a.k.c.c.i.ConsumerCoordinator - [Consumer clientId=consumer-audit-service-1, groupId=audit-service] Notifying assignor about the new Assignment(partitions=[audit-events-0])
2025-09-10 13:43:01.678 INFO  [org.springframework.kafka.KafkaListenerEndpointContainer#1-0-C-1] o.a.k.c.c.i.ConsumerCoordinator - [Consumer clientId=consumer-audit-service-2, groupId=audit-service] Notifying assignor about the new Assignment(partitions=[audit-events-raw-0])
2025-09-10 13:43:01.684 INFO  [org.springframework.kafka.KafkaListenerEndpointContainer#1-0-C-1] o.a.k.c.c.i.ConsumerRebalanceListenerInvoker - [Consumer clientId=consumer-audit-service-2, groupId=audit-service] Adding newly assigned partitions: audit-events-raw-0
2025-09-10 13:43:01.684 INFO  [org.springframework.kafka.KafkaListenerEndpointContainer#0-0-C-1] o.a.k.c.c.i.ConsumerRebalanceListenerInvoker - [Consumer clientId=consumer-audit-service-1, groupId=audit-service] Adding newly assigned partitions: audit-events-0
2025-09-10 13:43:01.702 INFO  [org.springframework.kafka.KafkaListenerEndpointContainer#0-0-C-1] o.a.k.c.c.i.ConsumerCoordinator - [Consumer clientId=consumer-audit-service-1, groupId=audit-service] Found no committed offset for partition audit-events-0
2025-09-10 13:43:01.702 INFO  [org.springframework.kafka.KafkaListenerEndpointContainer#1-0-C-1] o.a.k.c.c.i.ConsumerCoordinator - [Consumer clientId=consumer-audit-service-2, groupId=audit-service] Found no committed offset for partition audit-events-raw-0
2025-09-10 13:43:01.724 INFO  [org.springframework.kafka.KafkaListenerEndpointContainer#0-0-C-1] o.a.k.c.c.i.SubscriptionState - [Consumer clientId=consumer-audit-service-1, groupId=audit-service] Resetting offset for partition audit-events-0 to position FetchPosition{offset=0, offsetEpoch=Optional.empty, currentLeader=LeaderAndEpoch{leader=Optional[localhost:9092 (id: 1 rack: null)], epoch=0}}.
2025-09-10 13:43:01.724 INFO  [org.springframework.kafka.KafkaListenerEndpointContainer#1-0-C-1] o.a.k.c.c.i.SubscriptionState - [Consumer clientId=consumer-audit-service-2, groupId=audit-service] Resetting offset for partition audit-events-raw-0 to position FetchPosition{offset=0, offsetEpoch=Optional.empty, currentLeader=LeaderAndEpoch{leader=Optional[localhost:9092 (id: 1 rack: null)], epoch=0}}.
2025-09-10 13:43:01.725 INFO  [org.springframework.kafka.KafkaListenerEndpointContainer#1-0-C-1] o.s.k.l.KafkaMessageListenerContainer - audit-service: partitions assigned: [audit-events-raw-0]
2025-09-10 13:43:01.725 INFO  [org.springframework.kafka.KafkaListenerEndpointContainer#0-0-C-1] o.s.k.l.KafkaMessageListenerContainer - audit-service: partitions assigned: [audit-events-0]
2025-09-10 14:22:33.787 INFO  [kafka-coordinator-heartbeat-thread | audit-service] o.a.k.c.c.i.ConsumerCoordinator - [Consumer clientId=consumer-audit-service-2, groupId=audit-service] Group coordinator localhost:9092 (id: 2147483646 rack: null) is unavailable or invalid due to cause: coordinator unavailable. isDisconnected: true. Rediscovery will be attempted.
2025-09-10 14:22:33.787 INFO  [kafka-coordinator-heartbeat-thread | audit-service] o.a.k.c.c.i.ConsumerCoordinator - [Consumer clientId=consumer-audit-service-1, groupId=audit-service] Group coordinator localhost:9092 (id: 2147483646 rack: null) is unavailable or invalid due to cause: coordinator unavailable. isDisconnected: true. Rediscovery will be attempted.
2025-09-10 14:22:33.822 INFO  [org.springframework.kafka.KafkaListenerEndpointContainer#0-0-C-1] o.a.k.c.c.i.ConsumerCoordinator - [Consumer clientId=consumer-audit-service-1, groupId=audit-service] Discovered group coordinator localhost:9092 (id: 2147483646 rack: null)
2025-09-10 14:22:33.823 INFO  [org.springframework.kafka.KafkaListenerEndpointContainer#0-0-C-1] o.a.k.c.c.i.ConsumerCoordinator - [Consumer clientId=consumer-audit-service-1, groupId=audit-service] Group coordinator localhost:9092 (id: 2147483646 rack: null) is unavailable or invalid due to cause: coordinator unavailable. isDisconnected: false. Rediscovery will be attempted.
2025-09-10 14:22:33.823 INFO  [org.springframework.kafka.KafkaListenerEndpointContainer#0-0-C-1] o.a.k.c.c.i.ConsumerCoordinator - [Consumer clientId=consumer-audit-service-1, groupId=audit-service] Requesting disconnect from last known coordinator localhost:9092 (id: 2147483646 rack: null)
2025-09-10 14:22:33.941 INFO  [org.springframework.kafka.KafkaListenerEndpointContainer#1-0-C-1] o.a.k.c.c.i.ConsumerCoordinator - [Consumer clientId=consumer-audit-service-2, groupId=audit-service] Discovered group coordinator localhost:9092 (id: 2147483646 rack: null)
2025-09-10 14:22:33.942 INFO  [org.springframework.kafka.KafkaListenerEndpointContainer#0-0-C-1] o.a.k.c.c.i.ConsumerCoordinator - [Consumer clientId=consumer-audit-service-1, groupId=audit-service] Discovered group coordinator localhost:9092 (id: 2147483646 rack: null)
2025-09-10 14:26:19.859 INFO  [org.springframework.kafka.KafkaListenerEndpointContainer#0-0-C-1] o.a.k.c.c.i.ConsumerRebalanceListenerInvoker - [Consumer clientId=consumer-audit-service-1, groupId=audit-service] Revoke previously assigned partitions audit-events-0
2025-09-10 14:26:19.859 INFO  [org.springframework.kafka.KafkaListenerEndpointContainer#1-0-C-1] o.a.k.c.c.i.ConsumerRebalanceListenerInvoker - [Consumer clientId=consumer-audit-service-2, groupId=audit-service] Revoke previously assigned partitions audit-events-raw-0
2025-09-10 14:26:19.860 INFO  [org.springframework.kafka.KafkaListenerEndpointContainer#1-0-C-1] o.s.k.l.KafkaMessageListenerContainer - audit-service: partitions revoked: [audit-events-raw-0]
2025-09-10 14:26:19.860 INFO  [org.springframework.kafka.KafkaListenerEndpointContainer#0-0-C-1] o.s.k.l.KafkaMessageListenerContainer - audit-service: partitions revoked: [audit-events-0]
2025-09-10 14:26:19.862 INFO  [org.springframework.kafka.KafkaListenerEndpointContainer#1-0-C-1] o.a.k.c.c.i.ConsumerCoordinator - [Consumer clientId=consumer-audit-service-2, groupId=audit-service] Member consumer-audit-service-2-f358af08-4727-4c61-b93b-d90118e9249a sending LeaveGroup request to coordinator localhost:9092 (id: 2147483646 rack: null) due to the consumer unsubscribed from all topics
2025-09-10 14:26:19.862 INFO  [org.springframework.kafka.KafkaListenerEndpointContainer#0-0-C-1] o.a.k.c.c.i.ConsumerCoordinator - [Consumer clientId=consumer-audit-service-1, groupId=audit-service] Member consumer-audit-service-1-de8ef069-fefc-4fb0-9f46-fe481053e8a9 sending LeaveGroup request to coordinator localhost:9092 (id: 2147483646 rack: null) due to the consumer unsubscribed from all topics
2025-09-10 14:26:19.862 INFO  [org.springframework.kafka.KafkaListenerEndpointContainer#1-0-C-1] o.a.k.c.c.i.ConsumerCoordinator - [Consumer clientId=consumer-audit-service-2, groupId=audit-service] Resetting generation and member id due to: consumer pro-actively leaving the group
2025-09-10 14:26:19.862 INFO  [org.springframework.kafka.KafkaListenerEndpointContainer#0-0-C-1] o.a.k.c.c.i.ConsumerCoordinator - [Consumer clientId=consumer-audit-service-1, groupId=audit-service] Resetting generation and member id due to: consumer pro-actively leaving the group
2025-09-10 14:26:19.863 INFO  [org.springframework.kafka.KafkaListenerEndpointContainer#1-0-C-1] o.a.k.c.c.i.ConsumerCoordinator - [Consumer clientId=consumer-audit-service-2, groupId=audit-service] Request joining group due to: consumer pro-actively leaving the group
2025-09-10 14:26:19.863 INFO  [org.springframework.kafka.KafkaListenerEndpointContainer#0-0-C-1] o.a.k.c.c.i.ConsumerCoordinator - [Consumer clientId=consumer-audit-service-1, groupId=audit-service] Request joining group due to: consumer pro-actively leaving the group
2025-09-10 14:26:19.863 INFO  [org.springframework.kafka.KafkaListenerEndpointContainer#1-0-C-1] o.a.k.c.c.i.ClassicKafkaConsumer - [Consumer clientId=consumer-audit-service-2, groupId=audit-service] Unsubscribed all topics or patterns and assigned partitions
2025-09-10 14:26:19.863 INFO  [org.springframework.kafka.KafkaListenerEndpointContainer#0-0-C-1] o.a.k.c.c.i.ClassicKafkaConsumer - [Consumer clientId=consumer-audit-service-1, groupId=audit-service] Unsubscribed all topics or patterns and assigned partitions
2025-09-10 14:26:19.866 INFO  [org.springframework.kafka.KafkaListenerEndpointContainer#1-0-C-1] o.a.k.c.c.i.ConsumerCoordinator - [Consumer clientId=consumer-audit-service-2, groupId=audit-service] Resetting generation and member id due to: consumer pro-actively leaving the group
2025-09-10 14:26:19.866 INFO  [org.springframework.kafka.KafkaListenerEndpointContainer#1-0-C-1] o.a.k.c.c.i.ConsumerCoordinator - [Consumer clientId=consumer-audit-service-2, groupId=audit-service] Request joining group due to: consumer pro-actively leaving the group
2025-09-10 14:26:19.866 INFO  [org.springframework.kafka.KafkaListenerEndpointContainer#0-0-C-1] o.a.k.c.c.i.ConsumerCoordinator - [Consumer clientId=consumer-audit-service-1, groupId=audit-service] Resetting generation and member id due to: consumer pro-actively leaving the group
2025-09-10 14:26:19.866 INFO  [org.springframework.kafka.KafkaListenerEndpointContainer#0-0-C-1] o.a.k.c.c.i.ConsumerCoordinator - [Consumer clientId=consumer-audit-service-1, groupId=audit-service] Request joining group due to: consumer pro-actively leaving the group
2025-09-10 14:26:20.088 INFO  [org.springframework.kafka.KafkaListenerEndpointContainer#1-0-C-1] o.a.kafka.common.metrics.Metrics - Metrics scheduler closed
2025-09-10 14:26:20.089 INFO  [org.springframework.kafka.KafkaListenerEndpointContainer#1-0-C-1] o.a.kafka.common.metrics.Metrics - Closing reporter org.apache.kafka.common.metrics.JmxReporter
2025-09-10 14:26:20.090 INFO  [org.springframework.kafka.KafkaListenerEndpointContainer#1-0-C-1] o.a.kafka.common.metrics.Metrics - Closing reporter org.apache.kafka.common.telemetry.internals.ClientTelemetryReporter
2025-09-10 14:26:20.090 INFO  [org.springframework.kafka.KafkaListenerEndpointContainer#1-0-C-1] o.a.kafka.common.metrics.Metrics - Metrics reporters closed
2025-09-10 14:26:20.090 INFO  [org.springframework.kafka.KafkaListenerEndpointContainer#0-0-C-1] o.a.kafka.common.metrics.Metrics - Metrics scheduler closed
2025-09-10 14:26:20.091 INFO  [org.springframework.kafka.KafkaListenerEndpointContainer#0-0-C-1] o.a.kafka.common.metrics.Metrics - Closing reporter org.apache.kafka.common.metrics.JmxReporter
2025-09-10 14:26:20.091 INFO  [org.springframework.kafka.KafkaListenerEndpointContainer#0-0-C-1] o.a.kafka.common.metrics.Metrics - Closing reporter org.apache.kafka.common.telemetry.internals.ClientTelemetryReporter
2025-09-10 14:26:20.091 INFO  [org.springframework.kafka.KafkaListenerEndpointContainer#0-0-C-1] o.a.kafka.common.metrics.Metrics - Metrics reporters closed
2025-09-10 14:26:20.103 INFO  [org.springframework.kafka.KafkaListenerEndpointContainer#1-0-C-1] o.a.kafka.common.utils.AppInfoParser - App info kafka.consumer for consumer-audit-service-2 unregistered
2025-09-10 14:26:20.104 INFO  [org.springframework.kafka.KafkaListenerEndpointContainer#0-0-C-1] o.a.kafka.common.utils.AppInfoParser - App info kafka.consumer for consumer-audit-service-1 unregistered
2025-09-10 14:26:20.106 INFO  [org.springframework.kafka.KafkaListenerEndpointContainer#1-0-C-1] o.s.k.l.KafkaMessageListenerContainer - audit-service: Consumer stopped
2025-09-10 14:26:20.107 INFO  [org.springframework.kafka.KafkaListenerEndpointContainer#0-0-C-1] o.s.k.l.KafkaMessageListenerContainer - audit-service: Consumer stopped
2025-09-10 14:26:20.118 INFO  [SpringApplicationShutdownHook] o.s.b.w.e.tomcat.GracefulShutdown - Commencing graceful shutdown. Waiting for active requests to complete
2025-09-10 14:26:20.139 INFO  [tomcat-shutdown] o.s.b.w.e.tomcat.GracefulShutdown - Graceful shutdown complete
