2025-09-10T22:37:34.558+05:30  INFO 4468 --- [Search] [main] com.Project1.Search.SearchApplication    : Starting SearchApplication using Java 21.0.8 with PID 4468 (C:\Users\poojitha.gandla\Team1_Big_Project_final\Search\target\classes started by poojitha.gandla in C:\Users\poojitha.gandla\Team1_Big_Project_final)
2025-09-10T22:37:34.566+05:30  INFO 4468 --- [Search] [main] com.Project1.Search.SearchApplication    : No active profile set, falling back to 1 default profile: "default"
2025-09-10T22:37:36.825+05:30  INFO 4468 --- [Search] [main] .s.d.r.c.RepositoryConfigurationDelegate : Bootstrapping Spring Data Elasticsearch repositories in DEFAULT mode.
2025-09-10T22:37:36.987+05:30  INFO 4468 --- [Search] [main] .s.d.r.c.RepositoryConfigurationDelegate : Finished Spring Data repository scanning in 132 ms. Found 1 Elasticsearch repository interface.
2025-09-10T22:37:38.321+05:30  INFO 4468 --- [Search] [main] o.s.b.w.embedded.tomcat.TomcatWebServer  : Tomcat initialized with port 8083 (http)
2025-09-10T22:37:38.359+05:30  INFO 4468 --- [Search] [main] o.apache.catalina.core.StandardService   : Starting service [Tomcat]
2025-09-10T22:37:38.360+05:30  INFO 4468 --- [Search] [main] o.apache.catalina.core.StandardEngine    : Starting Servlet engine: [Apache Tomcat/10.1.43]
2025-09-10T22:37:38.508+05:30  INFO 4468 --- [Search] [main] o.a.c.c.C.[Tomcat].[localhost].[/]       : Initializing Spring embedded WebApplicationContext
2025-09-10T22:37:38.509+05:30  INFO 4468 --- [Search] [main] w.s.c.ServletWebServerApplicationContext : Root WebApplicationContext: initialization completed in 3816 ms
2025-09-10T22:37:43.362+05:30  INFO 4468 --- [Search] [main] o.s.b.w.embedded.tomcat.TomcatWebServer  : Tomcat started on port 8083 (http) with context path '/'
2025-09-10T22:37:43.477+05:30  INFO 4468 --- [Search] [main] o.a.k.clients.consumer.ConsumerConfig    : ConsumerConfig values: 
	allow.auto.create.topics = true
	auto.commit.interval.ms = 5000
	auto.include.jmx.reporter = true
	auto.offset.reset = latest
	bootstrap.servers = [localhost:9092]
	check.crcs = true
	client.dns.lookup = use_all_dns_ips
	client.id = consumer-search-service-1
	client.rack = 
	connections.max.idle.ms = 540000
	default.api.timeout.ms = 60000
	enable.auto.commit = false
	enable.metrics.push = true
	exclude.internal.topics = true
	fetch.max.bytes = 52428800
	fetch.max.wait.ms = 500
	fetch.min.bytes = 1
	group.id = search-service
	group.instance.id = null
	group.protocol = classic
	group.remote.assignor = null
	heartbeat.interval.ms = 3000
	interceptor.classes = []
	internal.leave.group.on.close = true
	internal.throw.on.fetch.stable.offset.unsupported = false
	isolation.level = read_uncommitted
	key.deserializer = class org.apache.kafka.common.serialization.StringDeserializer
	max.partition.fetch.bytes = 1048576
	max.poll.interval.ms = 300000
	max.poll.records = 500
	metadata.max.age.ms = 300000
	metadata.recovery.strategy = none
	metric.reporters = []
	metrics.num.samples = 2
	metrics.recording.level = INFO
	metrics.sample.window.ms = 30000
	partition.assignment.strategy = [class org.apache.kafka.clients.consumer.RangeAssignor, class org.apache.kafka.clients.consumer.CooperativeStickyAssignor]
	receive.buffer.bytes = 65536
	reconnect.backoff.max.ms = 1000
	reconnect.backoff.ms = 50
	request.timeout.ms = 30000
	retry.backoff.max.ms = 1000
	retry.backoff.ms = 100
	sasl.client.callback.handler.class = null
	sasl.jaas.config = null
	sasl.kerberos.kinit.cmd = /usr/bin/kinit
	sasl.kerberos.min.time.before.relogin = 60000
	sasl.kerberos.service.name = null
	sasl.kerberos.ticket.renew.jitter = 0.05
	sasl.kerberos.ticket.renew.window.factor = 0.8
	sasl.login.callback.handler.class = null
	sasl.login.class = null
	sasl.login.connect.timeout.ms = null
	sasl.login.read.timeout.ms = null
	sasl.login.refresh.buffer.seconds = 300
	sasl.login.refresh.min.period.seconds = 60
	sasl.login.refresh.window.factor = 0.8
	sasl.login.refresh.window.jitter = 0.05
	sasl.login.retry.backoff.max.ms = 10000
	sasl.login.retry.backoff.ms = 100
	sasl.mechanism = GSSAPI
	sasl.oauthbearer.clock.skew.seconds = 30
	sasl.oauthbearer.expected.audience = null
	sasl.oauthbearer.expected.issuer = null
	sasl.oauthbearer.header.urlencode = false
	sasl.oauthbearer.jwks.endpoint.refresh.ms = 3600000
	sasl.oauthbearer.jwks.endpoint.retry.backoff.max.ms = 10000
	sasl.oauthbearer.jwks.endpoint.retry.backoff.ms = 100
	sasl.oauthbearer.jwks.endpoint.url = null
	sasl.oauthbearer.scope.claim.name = scope
	sasl.oauthbearer.sub.claim.name = sub
	sasl.oauthbearer.token.endpoint.url = null
	security.protocol = PLAINTEXT
	security.providers = null
	send.buffer.bytes = 131072
	session.timeout.ms = 45000
	socket.connection.setup.timeout.max.ms = 30000
	socket.connection.setup.timeout.ms = 10000
	ssl.cipher.suites = null
	ssl.enabled.protocols = [TLSv1.2, TLSv1.3]
	ssl.endpoint.identification.algorithm = https
	ssl.engine.factory.class = null
	ssl.key.password = null
	ssl.keymanager.algorithm = SunX509
	ssl.keystore.certificate.chain = null
	ssl.keystore.key = null
	ssl.keystore.location = null
	ssl.keystore.password = null
	ssl.keystore.type = JKS
	ssl.protocol = TLSv1.3
	ssl.provider = null
	ssl.secure.random.implementation = null
	ssl.trustmanager.algorithm = PKIX
	ssl.truststore.certificates = null
	ssl.truststore.location = null
	ssl.truststore.password = null
	ssl.truststore.type = JKS
	value.deserializer = class org.apache.kafka.common.serialization.StringDeserializer

2025-09-10T22:37:43.594+05:30  INFO 4468 --- [Search] [main] o.a.k.c.t.i.KafkaMetricsCollector        : initializing Kafka metrics collector
2025-09-10T22:37:43.993+05:30  INFO 4468 --- [Search] [main] o.a.kafka.common.utils.AppInfoParser     : Kafka version: 3.9.1
2025-09-10T22:37:43.996+05:30  INFO 4468 --- [Search] [main] o.a.kafka.common.utils.AppInfoParser     : Kafka commitId: f745dfdcee2b9851
2025-09-10T22:37:43.997+05:30  INFO 4468 --- [Search] [main] o.a.kafka.common.utils.AppInfoParser     : Kafka startTimeMs: 1757524063990
2025-09-10T22:37:44.003+05:30  INFO 4468 --- [Search] [main] o.a.k.c.c.i.ClassicKafkaConsumer         : [Consumer clientId=consumer-search-service-1, groupId=search-service] Subscribed to topic(s): search-topic
2025-09-10T22:37:44.040+05:30  INFO 4468 --- [Search] [main] com.Project1.Search.SearchApplication    : Started SearchApplication in 10.781 seconds (process running for 11.895)
2025-09-10T22:37:45.095+05:30  INFO 4468 --- [Search] [org.springframework.kafka.KafkaListenerEndpointContainer#0-0-C-1] org.apache.kafka.clients.Metadata        : [Consumer clientId=consumer-search-service-1, groupId=search-service] Cluster ID: gLOOEzskQwmG-lHzFalP0g
2025-09-10T22:37:45.098+05:30  INFO 4468 --- [Search] [org.springframework.kafka.KafkaListenerEndpointContainer#0-0-C-1] o.a.k.c.c.internals.ConsumerCoordinator  : [Consumer clientId=consumer-search-service-1, groupId=search-service] Discovered group coordinator localhost:9092 (id: 2147483646 rack: null)
2025-09-10T22:37:45.105+05:30  INFO 4468 --- [Search] [org.springframework.kafka.KafkaListenerEndpointContainer#0-0-C-1] o.a.k.c.c.internals.ConsumerCoordinator  : [Consumer clientId=consumer-search-service-1, groupId=search-service] (Re-)joining group
2025-09-10T22:37:45.139+05:30  INFO 4468 --- [Search] [org.springframework.kafka.KafkaListenerEndpointContainer#0-0-C-1] o.a.k.c.c.internals.ConsumerCoordinator  : [Consumer clientId=consumer-search-service-1, groupId=search-service] Request joining group due to: need to re-join with the given member-id: consumer-search-service-1-72e2dc08-f4ba-4134-9543-4afd8bfe8fc3
2025-09-10T22:37:45.141+05:30  INFO 4468 --- [Search] [org.springframework.kafka.KafkaListenerEndpointContainer#0-0-C-1] o.a.k.c.c.internals.ConsumerCoordinator  : [Consumer clientId=consumer-search-service-1, groupId=search-service] (Re-)joining group
2025-09-10T22:37:48.162+05:30  INFO 4468 --- [Search] [org.springframework.kafka.KafkaListenerEndpointContainer#0-0-C-1] o.a.k.c.c.internals.ConsumerCoordinator  : [Consumer clientId=consumer-search-service-1, groupId=search-service] Successfully joined group with generation Generation{generationId=27, memberId='consumer-search-service-1-72e2dc08-f4ba-4134-9543-4afd8bfe8fc3', protocol='range'}
2025-09-10T22:37:48.176+05:30  INFO 4468 --- [Search] [org.springframework.kafka.KafkaListenerEndpointContainer#0-0-C-1] o.a.k.c.c.internals.ConsumerCoordinator  : [Consumer clientId=consumer-search-service-1, groupId=search-service] Finished assignment for group at generation 27: {consumer-search-service-1-72e2dc08-f4ba-4134-9543-4afd8bfe8fc3=Assignment(partitions=[search-topic-0])}
2025-09-10T22:37:48.194+05:30  INFO 4468 --- [Search] [org.springframework.kafka.KafkaListenerEndpointContainer#0-0-C-1] o.a.k.c.c.internals.ConsumerCoordinator  : [Consumer clientId=consumer-search-service-1, groupId=search-service] Successfully synced group in generation Generation{generationId=27, memberId='consumer-search-service-1-72e2dc08-f4ba-4134-9543-4afd8bfe8fc3', protocol='range'}
2025-09-10T22:37:48.195+05:30  INFO 4468 --- [Search] [org.springframework.kafka.KafkaListenerEndpointContainer#0-0-C-1] o.a.k.c.c.internals.ConsumerCoordinator  : [Consumer clientId=consumer-search-service-1, groupId=search-service] Notifying assignor about the new Assignment(partitions=[search-topic-0])
2025-09-10T22:37:48.201+05:30  INFO 4468 --- [Search] [org.springframework.kafka.KafkaListenerEndpointContainer#0-0-C-1] k.c.c.i.ConsumerRebalanceListenerInvoker : [Consumer clientId=consumer-search-service-1, groupId=search-service] Adding newly assigned partitions: search-topic-0
2025-09-10T22:37:48.247+05:30  INFO 4468 --- [Search] [org.springframework.kafka.KafkaListenerEndpointContainer#0-0-C-1] o.a.k.c.c.internals.ConsumerUtils        : Setting offset for partition search-topic-0 to the committed offset FetchPosition{offset=28, offsetEpoch=Optional.empty, currentLeader=LeaderAndEpoch{leader=Optional[localhost:9092 (id: 1 rack: null)], epoch=0}}
2025-09-10T22:37:48.251+05:30  INFO 4468 --- [Search] [org.springframework.kafka.KafkaListenerEndpointContainer#0-0-C-1] o.s.k.l.KafkaMessageListenerContainer    : search-service: partitions assigned: [search-topic-0]
2025-09-10T22:59:33.555+05:30  INFO 4468 --- [Search] [org.springframework.kafka.KafkaListenerEndpointContainer#0-0-C-1] k.c.c.i.ConsumerRebalanceListenerInvoker : [Consumer clientId=consumer-search-service-1, groupId=search-service] Revoke previously assigned partitions search-topic-0
2025-09-10T22:59:33.557+05:30  INFO 4468 --- [Search] [org.springframework.kafka.KafkaListenerEndpointContainer#0-0-C-1] o.s.k.l.KafkaMessageListenerContainer    : search-service: partitions revoked: [search-topic-0]
2025-09-10T22:59:33.559+05:30  INFO 4468 --- [Search] [org.springframework.kafka.KafkaListenerEndpointContainer#0-0-C-1] o.a.k.c.c.internals.ConsumerCoordinator  : [Consumer clientId=consumer-search-service-1, groupId=search-service] Member consumer-search-service-1-72e2dc08-f4ba-4134-9543-4afd8bfe8fc3 sending LeaveGroup request to coordinator localhost:9092 (id: 2147483646 rack: null) due to the consumer unsubscribed from all topics
2025-09-10T22:59:33.560+05:30  INFO 4468 --- [Search] [org.springframework.kafka.KafkaListenerEndpointContainer#0-0-C-1] o.a.k.c.c.internals.ConsumerCoordinator  : [Consumer clientId=consumer-search-service-1, groupId=search-service] Resetting generation and member id due to: consumer pro-actively leaving the group
2025-09-10T22:59:33.561+05:30  INFO 4468 --- [Search] [org.springframework.kafka.KafkaListenerEndpointContainer#0-0-C-1] o.a.k.c.c.internals.ConsumerCoordinator  : [Consumer clientId=consumer-search-service-1, groupId=search-service] Request joining group due to: consumer pro-actively leaving the group
2025-09-10T22:59:33.561+05:30  INFO 4468 --- [Search] [org.springframework.kafka.KafkaListenerEndpointContainer#0-0-C-1] o.a.k.c.c.i.ClassicKafkaConsumer         : [Consumer clientId=consumer-search-service-1, groupId=search-service] Unsubscribed all topics or patterns and assigned partitions
2025-09-10T22:59:33.565+05:30  INFO 4468 --- [Search] [org.springframework.kafka.KafkaListenerEndpointContainer#0-0-C-1] o.a.k.c.c.internals.ConsumerCoordinator  : [Consumer clientId=consumer-search-service-1, groupId=search-service] Resetting generation and member id due to: consumer pro-actively leaving the group
2025-09-10T22:59:33.565+05:30  INFO 4468 --- [Search] [org.springframework.kafka.KafkaListenerEndpointContainer#0-0-C-1] o.a.k.c.c.internals.ConsumerCoordinator  : [Consumer clientId=consumer-search-service-1, groupId=search-service] Request joining group due to: consumer pro-actively leaving the group
2025-09-10T22:59:33.816+05:30  INFO 4468 --- [Search] [org.springframework.kafka.KafkaListenerEndpointContainer#0-0-C-1] o.apache.kafka.common.metrics.Metrics    : Metrics scheduler closed
2025-09-10T22:59:33.816+05:30  INFO 4468 --- [Search] [org.springframework.kafka.KafkaListenerEndpointContainer#0-0-C-1] o.apache.kafka.common.metrics.Metrics    : Closing reporter org.apache.kafka.common.metrics.JmxReporter
2025-09-10T22:59:33.817+05:30  INFO 4468 --- [Search] [org.springframework.kafka.KafkaListenerEndpointContainer#0-0-C-1] o.apache.kafka.common.metrics.Metrics    : Closing reporter org.apache.kafka.common.telemetry.internals.ClientTelemetryReporter
2025-09-10T22:59:33.817+05:30  INFO 4468 --- [Search] [org.springframework.kafka.KafkaListenerEndpointContainer#0-0-C-1] o.apache.kafka.common.metrics.Metrics    : Metrics reporters closed
2025-09-10T22:59:33.832+05:30  INFO 4468 --- [Search] [org.springframework.kafka.KafkaListenerEndpointContainer#0-0-C-1] o.a.kafka.common.utils.AppInfoParser     : App info kafka.consumer for consumer-search-service-1 unregistered
2025-09-10T22:59:33.833+05:30  INFO 4468 --- [Search] [org.springframework.kafka.KafkaListenerEndpointContainer#0-0-C-1] o.s.k.l.KafkaMessageListenerContainer    : search-service: Consumer stopped
2025-09-10T22:59:33.841+05:30  INFO 4468 --- [Search] [SpringApplicationShutdownHook] o.s.b.w.e.tomcat.GracefulShutdown        : Commencing graceful shutdown. Waiting for active requests to complete
2025-09-10T22:59:33.868+05:30  INFO 4468 --- [Search] [tomcat-shutdown] o.s.b.w.e.tomcat.GracefulShutdown        : Graceful shutdown complete
2025-09-10T22:59:47.801+05:30  INFO 35544 --- [Search] [main] com.Project1.Search.SearchApplication    : Starting SearchApplication using Java 21.0.8 with PID 35544 (C:\Users\poojitha.gandla\Team1_Big_Project_final\Search\target\classes started by poojitha.gandla in C:\Users\poojitha.gandla\Team1_Big_Project_final)
2025-09-10T22:59:47.808+05:30  INFO 35544 --- [Search] [main] com.Project1.Search.SearchApplication    : No active profile set, falling back to 1 default profile: "default"
2025-09-10T22:59:50.127+05:30  INFO 35544 --- [Search] [main] .s.d.r.c.RepositoryConfigurationDelegate : Bootstrapping Spring Data Elasticsearch repositories in DEFAULT mode.
2025-09-10T22:59:50.287+05:30  INFO 35544 --- [Search] [main] .s.d.r.c.RepositoryConfigurationDelegate : Finished Spring Data repository scanning in 133 ms. Found 1 Elasticsearch repository interface.
2025-09-10T22:59:51.649+05:30  INFO 35544 --- [Search] [main] o.s.b.w.embedded.tomcat.TomcatWebServer  : Tomcat initialized with port 8083 (http)
2025-09-10T22:59:51.681+05:30  INFO 35544 --- [Search] [main] o.apache.catalina.core.StandardService   : Starting service [Tomcat]
2025-09-10T22:59:51.682+05:30  INFO 35544 --- [Search] [main] o.apache.catalina.core.StandardEngine    : Starting Servlet engine: [Apache Tomcat/10.1.43]
2025-09-10T22:59:51.835+05:30  INFO 35544 --- [Search] [main] o.a.c.c.C.[Tomcat].[localhost].[/]       : Initializing Spring embedded WebApplicationContext
2025-09-10T22:59:51.835+05:30  INFO 35544 --- [Search] [main] w.s.c.ServletWebServerApplicationContext : Root WebApplicationContext: initialization completed in 3889 ms
2025-09-10T22:59:56.755+05:30  INFO 35544 --- [Search] [main] o.s.b.w.embedded.tomcat.TomcatWebServer  : Tomcat started on port 8083 (http) with context path '/'
2025-09-10T22:59:56.864+05:30  INFO 35544 --- [Search] [main] o.a.k.clients.consumer.ConsumerConfig    : ConsumerConfig values: 
	allow.auto.create.topics = true
	auto.commit.interval.ms = 5000
	auto.include.jmx.reporter = true
	auto.offset.reset = latest
	bootstrap.servers = [localhost:9092]
	check.crcs = true
	client.dns.lookup = use_all_dns_ips
	client.id = consumer-search-service-1
	client.rack = 
	connections.max.idle.ms = 540000
	default.api.timeout.ms = 60000
	enable.auto.commit = false
	enable.metrics.push = true
	exclude.internal.topics = true
	fetch.max.bytes = 52428800
	fetch.max.wait.ms = 500
	fetch.min.bytes = 1
	group.id = search-service
	group.instance.id = null
	group.protocol = classic
	group.remote.assignor = null
	heartbeat.interval.ms = 3000
	interceptor.classes = []
	internal.leave.group.on.close = true
	internal.throw.on.fetch.stable.offset.unsupported = false
	isolation.level = read_uncommitted
	key.deserializer = class org.apache.kafka.common.serialization.StringDeserializer
	max.partition.fetch.bytes = 1048576
	max.poll.interval.ms = 300000
	max.poll.records = 500
	metadata.max.age.ms = 300000
	metadata.recovery.strategy = none
	metric.reporters = []
	metrics.num.samples = 2
	metrics.recording.level = INFO
	metrics.sample.window.ms = 30000
	partition.assignment.strategy = [class org.apache.kafka.clients.consumer.RangeAssignor, class org.apache.kafka.clients.consumer.CooperativeStickyAssignor]
	receive.buffer.bytes = 65536
	reconnect.backoff.max.ms = 1000
	reconnect.backoff.ms = 50
	request.timeout.ms = 30000
	retry.backoff.max.ms = 1000
	retry.backoff.ms = 100
	sasl.client.callback.handler.class = null
	sasl.jaas.config = null
	sasl.kerberos.kinit.cmd = /usr/bin/kinit
	sasl.kerberos.min.time.before.relogin = 60000
	sasl.kerberos.service.name = null
	sasl.kerberos.ticket.renew.jitter = 0.05
	sasl.kerberos.ticket.renew.window.factor = 0.8
	sasl.login.callback.handler.class = null
	sasl.login.class = null
	sasl.login.connect.timeout.ms = null
	sasl.login.read.timeout.ms = null
	sasl.login.refresh.buffer.seconds = 300
	sasl.login.refresh.min.period.seconds = 60
	sasl.login.refresh.window.factor = 0.8
	sasl.login.refresh.window.jitter = 0.05
	sasl.login.retry.backoff.max.ms = 10000
	sasl.login.retry.backoff.ms = 100
	sasl.mechanism = GSSAPI
	sasl.oauthbearer.clock.skew.seconds = 30
	sasl.oauthbearer.expected.audience = null
	sasl.oauthbearer.expected.issuer = null
	sasl.oauthbearer.header.urlencode = false
	sasl.oauthbearer.jwks.endpoint.refresh.ms = 3600000
	sasl.oauthbearer.jwks.endpoint.retry.backoff.max.ms = 10000
	sasl.oauthbearer.jwks.endpoint.retry.backoff.ms = 100
	sasl.oauthbearer.jwks.endpoint.url = null
	sasl.oauthbearer.scope.claim.name = scope
	sasl.oauthbearer.sub.claim.name = sub
	sasl.oauthbearer.token.endpoint.url = null
	security.protocol = PLAINTEXT
	security.providers = null
	send.buffer.bytes = 131072
	session.timeout.ms = 45000
	socket.connection.setup.timeout.max.ms = 30000
	socket.connection.setup.timeout.ms = 10000
	ssl.cipher.suites = null
	ssl.enabled.protocols = [TLSv1.2, TLSv1.3]
	ssl.endpoint.identification.algorithm = https
	ssl.engine.factory.class = null
	ssl.key.password = null
	ssl.keymanager.algorithm = SunX509
	ssl.keystore.certificate.chain = null
	ssl.keystore.key = null
	ssl.keystore.location = null
	ssl.keystore.password = null
	ssl.keystore.type = JKS
	ssl.protocol = TLSv1.3
	ssl.provider = null
	ssl.secure.random.implementation = null
	ssl.trustmanager.algorithm = PKIX
	ssl.truststore.certificates = null
	ssl.truststore.location = null
	ssl.truststore.password = null
	ssl.truststore.type = JKS
	value.deserializer = class org.apache.kafka.common.serialization.StringDeserializer

2025-09-10T22:59:56.982+05:30  INFO 35544 --- [Search] [main] o.a.k.c.t.i.KafkaMetricsCollector        : initializing Kafka metrics collector
2025-09-10T22:59:57.358+05:30  INFO 35544 --- [Search] [main] o.a.kafka.common.utils.AppInfoParser     : Kafka version: 3.9.1
2025-09-10T22:59:57.362+05:30  INFO 35544 --- [Search] [main] o.a.kafka.common.utils.AppInfoParser     : Kafka commitId: f745dfdcee2b9851
2025-09-10T22:59:57.362+05:30  INFO 35544 --- [Search] [main] o.a.kafka.common.utils.AppInfoParser     : Kafka startTimeMs: 1757525397355
2025-09-10T22:59:57.370+05:30  INFO 35544 --- [Search] [main] o.a.k.c.c.i.ClassicKafkaConsumer         : [Consumer clientId=consumer-search-service-1, groupId=search-service] Subscribed to topic(s): search-topic
2025-09-10T22:59:57.402+05:30  INFO 35544 --- [Search] [main] com.Project1.Search.SearchApplication    : Started SearchApplication in 10.953 seconds (process running for 12.118)
2025-09-10T22:59:58.576+05:30  INFO 35544 --- [Search] [org.springframework.kafka.KafkaListenerEndpointContainer#0-0-C-1] org.apache.kafka.clients.Metadata        : [Consumer clientId=consumer-search-service-1, groupId=search-service] Cluster ID: gLOOEzskQwmG-lHzFalP0g
2025-09-10T22:59:58.578+05:30  INFO 35544 --- [Search] [org.springframework.kafka.KafkaListenerEndpointContainer#0-0-C-1] o.a.k.c.c.internals.ConsumerCoordinator  : [Consumer clientId=consumer-search-service-1, groupId=search-service] Discovered group coordinator localhost:9092 (id: 2147483646 rack: null)
2025-09-10T22:59:58.583+05:30  INFO 35544 --- [Search] [org.springframework.kafka.KafkaListenerEndpointContainer#0-0-C-1] o.a.k.c.c.internals.ConsumerCoordinator  : [Consumer clientId=consumer-search-service-1, groupId=search-service] (Re-)joining group
2025-09-10T22:59:58.610+05:30  INFO 35544 --- [Search] [org.springframework.kafka.KafkaListenerEndpointContainer#0-0-C-1] o.a.k.c.c.internals.ConsumerCoordinator  : [Consumer clientId=consumer-search-service-1, groupId=search-service] Request joining group due to: need to re-join with the given member-id: consumer-search-service-1-ec368a7d-7c3b-433d-be1b-49e39495af8d
2025-09-10T22:59:58.611+05:30  INFO 35544 --- [Search] [org.springframework.kafka.KafkaListenerEndpointContainer#0-0-C-1] o.a.k.c.c.internals.ConsumerCoordinator  : [Consumer clientId=consumer-search-service-1, groupId=search-service] (Re-)joining group
2025-09-10T23:00:01.581+05:30  INFO 35544 --- [Search] [org.springframework.kafka.KafkaListenerEndpointContainer#0-0-C-1] o.a.k.c.c.internals.ConsumerCoordinator  : [Consumer clientId=consumer-search-service-1, groupId=search-service] Successfully joined group with generation Generation{generationId=29, memberId='consumer-search-service-1-ec368a7d-7c3b-433d-be1b-49e39495af8d', protocol='range'}
2025-09-10T23:00:01.600+05:30  INFO 35544 --- [Search] [org.springframework.kafka.KafkaListenerEndpointContainer#0-0-C-1] o.a.k.c.c.internals.ConsumerCoordinator  : [Consumer clientId=consumer-search-service-1, groupId=search-service] Finished assignment for group at generation 29: {consumer-search-service-1-ec368a7d-7c3b-433d-be1b-49e39495af8d=Assignment(partitions=[search-topic-0])}
2025-09-10T23:00:01.615+05:30  INFO 35544 --- [Search] [org.springframework.kafka.KafkaListenerEndpointContainer#0-0-C-1] o.a.k.c.c.internals.ConsumerCoordinator  : [Consumer clientId=consumer-search-service-1, groupId=search-service] Successfully synced group in generation Generation{generationId=29, memberId='consumer-search-service-1-ec368a7d-7c3b-433d-be1b-49e39495af8d', protocol='range'}
2025-09-10T23:00:01.616+05:30  INFO 35544 --- [Search] [org.springframework.kafka.KafkaListenerEndpointContainer#0-0-C-1] o.a.k.c.c.internals.ConsumerCoordinator  : [Consumer clientId=consumer-search-service-1, groupId=search-service] Notifying assignor about the new Assignment(partitions=[search-topic-0])
2025-09-10T23:00:01.623+05:30  INFO 35544 --- [Search] [org.springframework.kafka.KafkaListenerEndpointContainer#0-0-C-1] k.c.c.i.ConsumerRebalanceListenerInvoker : [Consumer clientId=consumer-search-service-1, groupId=search-service] Adding newly assigned partitions: search-topic-0
2025-09-10T23:00:01.648+05:30  INFO 35544 --- [Search] [org.springframework.kafka.KafkaListenerEndpointContainer#0-0-C-1] o.a.k.c.c.internals.ConsumerUtils        : Setting offset for partition search-topic-0 to the committed offset FetchPosition{offset=28, offsetEpoch=Optional.empty, currentLeader=LeaderAndEpoch{leader=Optional[localhost:9092 (id: 1 rack: null)], epoch=0}}
2025-09-10T23:00:01.652+05:30  INFO 35544 --- [Search] [org.springframework.kafka.KafkaListenerEndpointContainer#0-0-C-1] o.s.k.l.KafkaMessageListenerContainer    : search-service: partitions assigned: [search-topic-0]
2025-09-10T23:09:45.900+05:30  INFO 35544 --- [Search] [org.springframework.kafka.KafkaListenerEndpointContainer#0-0-C-1] k.c.c.i.ConsumerRebalanceListenerInvoker : [Consumer clientId=consumer-search-service-1, groupId=search-service] Revoke previously assigned partitions search-topic-0
2025-09-10T23:09:45.903+05:30  INFO 35544 --- [Search] [org.springframework.kafka.KafkaListenerEndpointContainer#0-0-C-1] o.s.k.l.KafkaMessageListenerContainer    : search-service: partitions revoked: [search-topic-0]
2025-09-10T23:09:45.903+05:30  INFO 35544 --- [Search] [org.springframework.kafka.KafkaListenerEndpointContainer#0-0-C-1] o.a.k.c.c.internals.ConsumerCoordinator  : [Consumer clientId=consumer-search-service-1, groupId=search-service] Member consumer-search-service-1-ec368a7d-7c3b-433d-be1b-49e39495af8d sending LeaveGroup request to coordinator localhost:9092 (id: 2147483646 rack: null) due to the consumer unsubscribed from all topics
2025-09-10T23:09:45.904+05:30  INFO 35544 --- [Search] [org.springframework.kafka.KafkaListenerEndpointContainer#0-0-C-1] o.a.k.c.c.internals.ConsumerCoordinator  : [Consumer clientId=consumer-search-service-1, groupId=search-service] Resetting generation and member id due to: consumer pro-actively leaving the group
2025-09-10T23:09:45.904+05:30  INFO 35544 --- [Search] [org.springframework.kafka.KafkaListenerEndpointContainer#0-0-C-1] o.a.k.c.c.internals.ConsumerCoordinator  : [Consumer clientId=consumer-search-service-1, groupId=search-service] Request joining group due to: consumer pro-actively leaving the group
2025-09-10T23:09:45.904+05:30  INFO 35544 --- [Search] [org.springframework.kafka.KafkaListenerEndpointContainer#0-0-C-1] o.a.k.c.c.i.ClassicKafkaConsumer         : [Consumer clientId=consumer-search-service-1, groupId=search-service] Unsubscribed all topics or patterns and assigned partitions
2025-09-10T23:09:45.908+05:30  INFO 35544 --- [Search] [org.springframework.kafka.KafkaListenerEndpointContainer#0-0-C-1] o.a.k.c.c.internals.ConsumerCoordinator  : [Consumer clientId=consumer-search-service-1, groupId=search-service] Resetting generation and member id due to: consumer pro-actively leaving the group
2025-09-10T23:09:45.908+05:30  INFO 35544 --- [Search] [org.springframework.kafka.KafkaListenerEndpointContainer#0-0-C-1] o.a.k.c.c.internals.ConsumerCoordinator  : [Consumer clientId=consumer-search-service-1, groupId=search-service] Request joining group due to: consumer pro-actively leaving the group
2025-09-10T23:09:46.296+05:30  INFO 35544 --- [Search] [org.springframework.kafka.KafkaListenerEndpointContainer#0-0-C-1] o.apache.kafka.common.metrics.Metrics    : Metrics scheduler closed
2025-09-10T23:09:46.297+05:30  INFO 35544 --- [Search] [org.springframework.kafka.KafkaListenerEndpointContainer#0-0-C-1] o.apache.kafka.common.metrics.Metrics    : Closing reporter org.apache.kafka.common.metrics.JmxReporter
2025-09-10T23:09:46.298+05:30  INFO 35544 --- [Search] [org.springframework.kafka.KafkaListenerEndpointContainer#0-0-C-1] o.apache.kafka.common.metrics.Metrics    : Closing reporter org.apache.kafka.common.telemetry.internals.ClientTelemetryReporter
2025-09-10T23:09:46.298+05:30  INFO 35544 --- [Search] [org.springframework.kafka.KafkaListenerEndpointContainer#0-0-C-1] o.apache.kafka.common.metrics.Metrics    : Metrics reporters closed
2025-09-10T23:09:46.307+05:30  INFO 35544 --- [Search] [org.springframework.kafka.KafkaListenerEndpointContainer#0-0-C-1] o.a.kafka.common.utils.AppInfoParser     : App info kafka.consumer for consumer-search-service-1 unregistered
2025-09-10T23:09:46.308+05:30  INFO 35544 --- [Search] [org.springframework.kafka.KafkaListenerEndpointContainer#0-0-C-1] o.s.k.l.KafkaMessageListenerContainer    : search-service: Consumer stopped
2025-09-10T23:09:46.312+05:30  INFO 35544 --- [Search] [SpringApplicationShutdownHook] o.s.b.w.e.tomcat.GracefulShutdown        : Commencing graceful shutdown. Waiting for active requests to complete
2025-09-10T23:09:46.325+05:30  INFO 35544 --- [Search] [tomcat-shutdown] o.s.b.w.e.tomcat.GracefulShutdown        : Graceful shutdown complete
