2025-09-10T22:33:23.382+05:30  INFO 47336 --- [audit-service] [main] c.c.audit.AuditServiceApplication        : Starting AuditServiceApplication using Java 21.0.8 with PID 47336 (C:\Users\poojitha.gandla\Team1_Big_Project_final\Audit\target\classes started by poojitha.gandla in C:\Users\poojitha.gandla\Team1_Big_Project_final)
2025-09-10T22:33:23.389+05:30 DEBUG 47336 --- [audit-service] [main] c.c.audit.AuditServiceApplication        : Running with Spring Boot v3.5.4, Spring v6.2.9
2025-09-10T22:33:23.391+05:30  INFO 47336 --- [audit-service] [main] c.c.audit.AuditServiceApplication        : No active profile set, falling back to 1 default profile: "default"
2025-09-10T22:33:25.378+05:30  INFO 47336 --- [audit-service] [main] .s.d.r.c.RepositoryConfigurationDelegate : Bootstrapping Spring Data MongoDB repositories in DEFAULT mode.
2025-09-10T22:33:25.564+05:30  INFO 47336 --- [audit-service] [main] .s.d.r.c.RepositoryConfigurationDelegate : Finished Spring Data repository scanning in 158 ms. Found 1 MongoDB repository interface.
2025-09-10T22:33:27.070+05:30  INFO 47336 --- [audit-service] [main] o.s.b.w.embedded.tomcat.TomcatWebServer  : Tomcat initialized with port 8093 (http)
2025-09-10T22:33:27.107+05:30  INFO 47336 --- [audit-service] [main] o.apache.catalina.core.StandardService   : Starting service [Tomcat]
2025-09-10T22:33:27.107+05:30  INFO 47336 --- [audit-service] [main] o.apache.catalina.core.StandardEngine    : Starting Servlet engine: [Apache Tomcat/10.1.43]
2025-09-10T22:33:27.284+05:30  INFO 47336 --- [audit-service] [main] o.a.c.c.C.[Tomcat].[localhost].[/]       : Initializing Spring embedded WebApplicationContext
2025-09-10T22:33:27.285+05:30  INFO 47336 --- [audit-service] [main] w.s.c.ServletWebServerApplicationContext : Root WebApplicationContext: initialization completed in 3699 ms
2025-09-10T22:33:28.003+05:30  INFO 47336 --- [audit-service] [main] org.mongodb.driver.client                : MongoClient with metadata {"driver": {"name": "mongo-java-driver|sync|spring-boot", "version": "5.5.1"}, "os": {"type": "Windows", "name": "Windows 11", "architecture": "amd64", "version": "10.0"}, "platform": "Java/Oracle Corporation/21.0.8+12-LTS-250"} created with settings MongoClientSettings{readPreference=primary, writeConcern=WriteConcern{w=null, wTimeout=null ms, journal=null}, retryWrites=true, retryReads=true, readConcern=ReadConcern{level=null}, credential=null, transportSettings=null, commandListeners=[], codecRegistry=ProvidersCodecRegistry{codecProviders=[ValueCodecProvider{}, BsonValueCodecProvider{}, DBRefCodecProvider{}, DBObjectCodecProvider{}, DocumentCodecProvider{}, CollectionCodecProvider{}, IterableCodecProvider{}, MapCodecProvider{}, GeoJsonCodecProvider{}, GridFSFileCodecProvider{}, Jsr310CodecProvider{}, JsonObjectCodecProvider{}, BsonCodecProvider{}, EnumCodecProvider{}, com.mongodb.client.model.mql.ExpressionCodecProvider@671ea6ff, com.mongodb.Jep395RecordCodecProvider@1c52552f, com.mongodb.KotlinCodecProvider@5dc769f9]}, loggerSettings=LoggerSettings{maxDocumentLength=1000}, clusterSettings={hosts=[localhost:27017], srvServiceName=mongodb, mode=SINGLE, requiredClusterType=UNKNOWN, requiredReplicaSetName='null', serverSelector='null', clusterListeners='[]', serverSelectionTimeout='30000 ms', localThreshold='15 ms'}, socketSettings=SocketSettings{connectTimeoutMS=10000, readTimeoutMS=0, receiveBufferSize=0, proxySettings=ProxySettings{host=null, port=null, username=null, password=null}}, heartbeatSocketSettings=SocketSettings{connectTimeoutMS=10000, readTimeoutMS=10000, receiveBufferSize=0, proxySettings=ProxySettings{host=null, port=null, username=null, password=null}}, connectionPoolSettings=ConnectionPoolSettings{maxSize=100, minSize=0, maxWaitTimeMS=120000, maxConnectionLifeTimeMS=0, maxConnectionIdleTimeMS=0, maintenanceInitialDelayMS=0, maintenanceFrequencyMS=60000, connectionPoolListeners=[], maxConnecting=2}, serverSettings=ServerSettings{heartbeatFrequencyMS=10000, minHeartbeatFrequencyMS=500, serverMonitoringMode=AUTO, serverListeners='[]', serverMonitorListeners='[]'}, sslSettings=SslSettings{enabled=false, invalidHostNameAllowed=false, context=null}, applicationName='null', compressorList=[], uuidRepresentation=JAVA_LEGACY, serverApi=null, autoEncryptionSettings=null, dnsClient=null, inetAddressResolver=null, contextProvider=null, timeoutMS=null}
2025-09-10T22:33:28.073+05:30  INFO 47336 --- [audit-service] [cluster-ClusterId{value='68c1af5f7eeba5ce4663d7b6', description='null'}-localhost:27017] org.mongodb.driver.cluster               : Monitor thread successfully connected to server with description ServerDescription{address=localhost:27017, type=STANDALONE, cryptd=false, state=CONNECTED, ok=true, minWireVersion=0, maxWireVersion=25, maxDocumentSize=16777216, logicalSessionTimeoutMinutes=30, roundTripTimeNanos=67047600, minRoundTripTimeNanos=0}
2025-09-10T22:33:31.026+05:30  INFO 47336 --- [audit-service] [main] o.s.b.w.embedded.tomcat.TomcatWebServer  : Tomcat started on port 8093 (http) with context path '/'
2025-09-10T22:33:31.124+05:30  INFO 47336 --- [audit-service] [main] o.a.k.clients.consumer.ConsumerConfig    : ConsumerConfig values: 
	allow.auto.create.topics = true
	auto.commit.interval.ms = 5000
	auto.include.jmx.reporter = true
	auto.offset.reset = earliest
	bootstrap.servers = [localhost:9092]
	check.crcs = true
	client.dns.lookup = use_all_dns_ips
	client.id = consumer-audit-service-1
	client.rack = 
	connections.max.idle.ms = 540000
	default.api.timeout.ms = 60000
	enable.auto.commit = false
	enable.metrics.push = true
	exclude.internal.topics = true
	fetch.max.bytes = 52428800
	fetch.max.wait.ms = 500
	fetch.min.bytes = 1
	group.id = audit-service
	group.instance.id = null
	group.protocol = classic
	group.remote.assignor = null
	heartbeat.interval.ms = 3000
	interceptor.classes = []
	internal.leave.group.on.close = true
	internal.throw.on.fetch.stable.offset.unsupported = false
	isolation.level = read_uncommitted
	key.deserializer = class org.apache.kafka.common.serialization.StringDeserializer
	max.partition.fetch.bytes = 1048576
	max.poll.interval.ms = 300000
	max.poll.records = 500
	metadata.max.age.ms = 300000
	metadata.recovery.strategy = none
	metric.reporters = []
	metrics.num.samples = 2
	metrics.recording.level = INFO
	metrics.sample.window.ms = 30000
	partition.assignment.strategy = [class org.apache.kafka.clients.consumer.RangeAssignor, class org.apache.kafka.clients.consumer.CooperativeStickyAssignor]
	receive.buffer.bytes = 65536
	reconnect.backoff.max.ms = 1000
	reconnect.backoff.ms = 50
	request.timeout.ms = 30000
	retry.backoff.max.ms = 1000
	retry.backoff.ms = 100
	sasl.client.callback.handler.class = null
	sasl.jaas.config = null
	sasl.kerberos.kinit.cmd = /usr/bin/kinit
	sasl.kerberos.min.time.before.relogin = 60000
	sasl.kerberos.service.name = null
	sasl.kerberos.ticket.renew.jitter = 0.05
	sasl.kerberos.ticket.renew.window.factor = 0.8
	sasl.login.callback.handler.class = null
	sasl.login.class = null
	sasl.login.connect.timeout.ms = null
	sasl.login.read.timeout.ms = null
	sasl.login.refresh.buffer.seconds = 300
	sasl.login.refresh.min.period.seconds = 60
	sasl.login.refresh.window.factor = 0.8
	sasl.login.refresh.window.jitter = 0.05
	sasl.login.retry.backoff.max.ms = 10000
	sasl.login.retry.backoff.ms = 100
	sasl.mechanism = GSSAPI
	sasl.oauthbearer.clock.skew.seconds = 30
	sasl.oauthbearer.expected.audience = null
	sasl.oauthbearer.expected.issuer = null
	sasl.oauthbearer.header.urlencode = false
	sasl.oauthbearer.jwks.endpoint.refresh.ms = 3600000
	sasl.oauthbearer.jwks.endpoint.retry.backoff.max.ms = 10000
	sasl.oauthbearer.jwks.endpoint.retry.backoff.ms = 100
	sasl.oauthbearer.jwks.endpoint.url = null
	sasl.oauthbearer.scope.claim.name = scope
	sasl.oauthbearer.sub.claim.name = sub
	sasl.oauthbearer.token.endpoint.url = null
	security.protocol = PLAINTEXT
	security.providers = null
	send.buffer.bytes = 131072
	session.timeout.ms = 45000
	socket.connection.setup.timeout.max.ms = 30000
	socket.connection.setup.timeout.ms = 10000
	ssl.cipher.suites = null
	ssl.enabled.protocols = [TLSv1.2, TLSv1.3]
	ssl.endpoint.identification.algorithm = https
	ssl.engine.factory.class = null
	ssl.key.password = null
	ssl.keymanager.algorithm = SunX509
	ssl.keystore.certificate.chain = null
	ssl.keystore.key = null
	ssl.keystore.location = null
	ssl.keystore.password = null
	ssl.keystore.type = JKS
	ssl.protocol = TLSv1.3
	ssl.provider = null
	ssl.secure.random.implementation = null
	ssl.trustmanager.algorithm = PKIX
	ssl.truststore.certificates = null
	ssl.truststore.location = null
	ssl.truststore.password = null
	ssl.truststore.type = JKS
	value.deserializer = class org.springframework.kafka.support.serializer.JsonDeserializer

2025-09-10T22:33:31.360+05:30  INFO 47336 --- [audit-service] [main] o.a.k.c.t.i.KafkaMetricsCollector        : initializing Kafka metrics collector
2025-09-10T22:33:31.902+05:30  INFO 47336 --- [audit-service] [main] o.a.kafka.common.utils.AppInfoParser     : Kafka version: 3.9.1
2025-09-10T22:33:31.905+05:30  INFO 47336 --- [audit-service] [main] o.a.kafka.common.utils.AppInfoParser     : Kafka commitId: f745dfdcee2b9851
2025-09-10T22:33:31.906+05:30  INFO 47336 --- [audit-service] [main] o.a.kafka.common.utils.AppInfoParser     : Kafka startTimeMs: 1757523811898
2025-09-10T22:33:31.914+05:30  INFO 47336 --- [audit-service] [main] o.a.k.c.c.i.ClassicKafkaConsumer         : [Consumer clientId=consumer-audit-service-1, groupId=audit-service] Subscribed to topic(s): audit-events
2025-09-10T22:33:31.930+05:30  INFO 47336 --- [audit-service] [main] o.a.k.clients.consumer.ConsumerConfig    : ConsumerConfig values: 
	allow.auto.create.topics = true
	auto.commit.interval.ms = 5000
	auto.include.jmx.reporter = true
	auto.offset.reset = earliest
	bootstrap.servers = [localhost:9092]
	check.crcs = true
	client.dns.lookup = use_all_dns_ips
	client.id = consumer-audit-service-2
	client.rack = 
	connections.max.idle.ms = 540000
	default.api.timeout.ms = 60000
	enable.auto.commit = false
	enable.metrics.push = true
	exclude.internal.topics = true
	fetch.max.bytes = 52428800
	fetch.max.wait.ms = 500
	fetch.min.bytes = 1
	group.id = audit-service
	group.instance.id = null
	group.protocol = classic
	group.remote.assignor = null
	heartbeat.interval.ms = 3000
	interceptor.classes = []
	internal.leave.group.on.close = true
	internal.throw.on.fetch.stable.offset.unsupported = false
	isolation.level = read_uncommitted
	key.deserializer = class org.apache.kafka.common.serialization.StringDeserializer
	max.partition.fetch.bytes = 1048576
	max.poll.interval.ms = 300000
	max.poll.records = 500
	metadata.max.age.ms = 300000
	metadata.recovery.strategy = none
	metric.reporters = []
	metrics.num.samples = 2
	metrics.recording.level = INFO
	metrics.sample.window.ms = 30000
	partition.assignment.strategy = [class org.apache.kafka.clients.consumer.RangeAssignor, class org.apache.kafka.clients.consumer.CooperativeStickyAssignor]
	receive.buffer.bytes = 65536
	reconnect.backoff.max.ms = 1000
	reconnect.backoff.ms = 50
	request.timeout.ms = 30000
	retry.backoff.max.ms = 1000
	retry.backoff.ms = 100
	sasl.client.callback.handler.class = null
	sasl.jaas.config = null
	sasl.kerberos.kinit.cmd = /usr/bin/kinit
	sasl.kerberos.min.time.before.relogin = 60000
	sasl.kerberos.service.name = null
	sasl.kerberos.ticket.renew.jitter = 0.05
	sasl.kerberos.ticket.renew.window.factor = 0.8
	sasl.login.callback.handler.class = null
	sasl.login.class = null
	sasl.login.connect.timeout.ms = null
	sasl.login.read.timeout.ms = null
	sasl.login.refresh.buffer.seconds = 300
	sasl.login.refresh.min.period.seconds = 60
	sasl.login.refresh.window.factor = 0.8
	sasl.login.refresh.window.jitter = 0.05
	sasl.login.retry.backoff.max.ms = 10000
	sasl.login.retry.backoff.ms = 100
	sasl.mechanism = GSSAPI
	sasl.oauthbearer.clock.skew.seconds = 30
	sasl.oauthbearer.expected.audience = null
	sasl.oauthbearer.expected.issuer = null
	sasl.oauthbearer.header.urlencode = false
	sasl.oauthbearer.jwks.endpoint.refresh.ms = 3600000
	sasl.oauthbearer.jwks.endpoint.retry.backoff.max.ms = 10000
	sasl.oauthbearer.jwks.endpoint.retry.backoff.ms = 100
	sasl.oauthbearer.jwks.endpoint.url = null
	sasl.oauthbearer.scope.claim.name = scope
	sasl.oauthbearer.sub.claim.name = sub
	sasl.oauthbearer.token.endpoint.url = null
	security.protocol = PLAINTEXT
	security.providers = null
	send.buffer.bytes = 131072
	session.timeout.ms = 45000
	socket.connection.setup.timeout.max.ms = 30000
	socket.connection.setup.timeout.ms = 10000
	ssl.cipher.suites = null
	ssl.enabled.protocols = [TLSv1.2, TLSv1.3]
	ssl.endpoint.identification.algorithm = https
	ssl.engine.factory.class = null
	ssl.key.password = null
	ssl.keymanager.algorithm = SunX509
	ssl.keystore.certificate.chain = null
	ssl.keystore.key = null
	ssl.keystore.location = null
	ssl.keystore.password = null
	ssl.keystore.type = JKS
	ssl.protocol = TLSv1.3
	ssl.provider = null
	ssl.secure.random.implementation = null
	ssl.trustmanager.algorithm = PKIX
	ssl.truststore.certificates = null
	ssl.truststore.location = null
	ssl.truststore.password = null
	ssl.truststore.type = JKS
	value.deserializer = class org.springframework.kafka.support.serializer.JsonDeserializer

2025-09-10T22:33:31.933+05:30  INFO 47336 --- [audit-service] [main] o.a.k.c.t.i.KafkaMetricsCollector        : initializing Kafka metrics collector
2025-09-10T22:33:31.958+05:30  INFO 47336 --- [audit-service] [main] o.a.kafka.common.utils.AppInfoParser     : Kafka version: 3.9.1
2025-09-10T22:33:31.959+05:30  INFO 47336 --- [audit-service] [main] o.a.kafka.common.utils.AppInfoParser     : Kafka commitId: f745dfdcee2b9851
2025-09-10T22:33:31.959+05:30  INFO 47336 --- [audit-service] [main] o.a.kafka.common.utils.AppInfoParser     : Kafka startTimeMs: 1757523811958
2025-09-10T22:33:31.960+05:30  INFO 47336 --- [audit-service] [main] o.a.k.c.c.i.ClassicKafkaConsumer         : [Consumer clientId=consumer-audit-service-2, groupId=audit-service] Subscribed to topic(s): audit-events-raw
2025-09-10T22:33:31.987+05:30  INFO 47336 --- [audit-service] [main] c.c.audit.AuditServiceApplication        : Started AuditServiceApplication in 10.236 seconds (process running for 11.198)
2025-09-10T22:33:33.209+05:30  INFO 47336 --- [audit-service] [org.springframework.kafka.KafkaListenerEndpointContainer#0-0-C-1] org.apache.kafka.clients.Metadata        : [Consumer clientId=consumer-audit-service-1, groupId=audit-service] Cluster ID: gLOOEzskQwmG-lHzFalP0g
2025-09-10T22:33:33.209+05:30  INFO 47336 --- [audit-service] [org.springframework.kafka.KafkaListenerEndpointContainer#1-0-C-1] org.apache.kafka.clients.Metadata        : [Consumer clientId=consumer-audit-service-2, groupId=audit-service] Cluster ID: gLOOEzskQwmG-lHzFalP0g
2025-09-10T22:33:33.212+05:30  INFO 47336 --- [audit-service] [org.springframework.kafka.KafkaListenerEndpointContainer#0-0-C-1] o.a.k.c.c.internals.ConsumerCoordinator  : [Consumer clientId=consumer-audit-service-1, groupId=audit-service] Discovered group coordinator localhost:9092 (id: 2147483646 rack: null)
2025-09-10T22:33:33.212+05:30  INFO 47336 --- [audit-service] [org.springframework.kafka.KafkaListenerEndpointContainer#1-0-C-1] o.a.k.c.c.internals.ConsumerCoordinator  : [Consumer clientId=consumer-audit-service-2, groupId=audit-service] Discovered group coordinator localhost:9092 (id: 2147483646 rack: null)
2025-09-10T22:33:33.220+05:30  INFO 47336 --- [audit-service] [org.springframework.kafka.KafkaListenerEndpointContainer#0-0-C-1] o.a.k.c.c.internals.ConsumerCoordinator  : [Consumer clientId=consumer-audit-service-1, groupId=audit-service] (Re-)joining group
2025-09-10T22:33:33.220+05:30  INFO 47336 --- [audit-service] [org.springframework.kafka.KafkaListenerEndpointContainer#1-0-C-1] o.a.k.c.c.internals.ConsumerCoordinator  : [Consumer clientId=consumer-audit-service-2, groupId=audit-service] (Re-)joining group
2025-09-10T22:33:33.269+05:30  INFO 47336 --- [audit-service] [org.springframework.kafka.KafkaListenerEndpointContainer#0-0-C-1] o.a.k.c.c.internals.ConsumerCoordinator  : [Consumer clientId=consumer-audit-service-1, groupId=audit-service] Request joining group due to: need to re-join with the given member-id: consumer-audit-service-1-8211c45f-5743-4f32-a690-b97ebb01e811
2025-09-10T22:33:33.269+05:30  INFO 47336 --- [audit-service] [org.springframework.kafka.KafkaListenerEndpointContainer#1-0-C-1] o.a.k.c.c.internals.ConsumerCoordinator  : [Consumer clientId=consumer-audit-service-2, groupId=audit-service] Request joining group due to: need to re-join with the given member-id: consumer-audit-service-2-27366e0b-d16e-4370-b1e4-0bf3a31c1960
2025-09-10T22:33:33.270+05:30  INFO 47336 --- [audit-service] [org.springframework.kafka.KafkaListenerEndpointContainer#0-0-C-1] o.a.k.c.c.internals.ConsumerCoordinator  : [Consumer clientId=consumer-audit-service-1, groupId=audit-service] (Re-)joining group
2025-09-10T22:33:33.270+05:30  INFO 47336 --- [audit-service] [org.springframework.kafka.KafkaListenerEndpointContainer#1-0-C-1] o.a.k.c.c.internals.ConsumerCoordinator  : [Consumer clientId=consumer-audit-service-2, groupId=audit-service] (Re-)joining group
2025-09-10T22:33:36.251+05:30  INFO 47336 --- [audit-service] [org.springframework.kafka.KafkaListenerEndpointContainer#1-0-C-1] o.a.k.c.c.internals.ConsumerCoordinator  : [Consumer clientId=consumer-audit-service-2, groupId=audit-service] Successfully joined group with generation Generation{generationId=21, memberId='consumer-audit-service-2-27366e0b-d16e-4370-b1e4-0bf3a31c1960', protocol='range'}
2025-09-10T22:33:36.253+05:30  INFO 47336 --- [audit-service] [org.springframework.kafka.KafkaListenerEndpointContainer#0-0-C-1] o.a.k.c.c.internals.ConsumerCoordinator  : [Consumer clientId=consumer-audit-service-1, groupId=audit-service] Successfully joined group with generation Generation{generationId=21, memberId='consumer-audit-service-1-8211c45f-5743-4f32-a690-b97ebb01e811', protocol='range'}
2025-09-10T22:33:36.295+05:30  INFO 47336 --- [audit-service] [org.springframework.kafka.KafkaListenerEndpointContainer#0-0-C-1] o.a.k.c.c.internals.ConsumerCoordinator  : [Consumer clientId=consumer-audit-service-1, groupId=audit-service] Finished assignment for group at generation 21: {consumer-audit-service-2-27366e0b-d16e-4370-b1e4-0bf3a31c1960=Assignment(partitions=[audit-events-raw-0]), consumer-audit-service-1-8211c45f-5743-4f32-a690-b97ebb01e811=Assignment(partitions=[audit-events-0])}
2025-09-10T22:33:36.323+05:30  INFO 47336 --- [audit-service] [org.springframework.kafka.KafkaListenerEndpointContainer#1-0-C-1] o.a.k.c.c.internals.ConsumerCoordinator  : [Consumer clientId=consumer-audit-service-2, groupId=audit-service] Successfully synced group in generation Generation{generationId=21, memberId='consumer-audit-service-2-27366e0b-d16e-4370-b1e4-0bf3a31c1960', protocol='range'}
2025-09-10T22:33:36.323+05:30  INFO 47336 --- [audit-service] [org.springframework.kafka.KafkaListenerEndpointContainer#0-0-C-1] o.a.k.c.c.internals.ConsumerCoordinator  : [Consumer clientId=consumer-audit-service-1, groupId=audit-service] Successfully synced group in generation Generation{generationId=21, memberId='consumer-audit-service-1-8211c45f-5743-4f32-a690-b97ebb01e811', protocol='range'}
2025-09-10T22:33:36.324+05:30  INFO 47336 --- [audit-service] [org.springframework.kafka.KafkaListenerEndpointContainer#1-0-C-1] o.a.k.c.c.internals.ConsumerCoordinator  : [Consumer clientId=consumer-audit-service-2, groupId=audit-service] Notifying assignor about the new Assignment(partitions=[audit-events-raw-0])
2025-09-10T22:33:36.324+05:30  INFO 47336 --- [audit-service] [org.springframework.kafka.KafkaListenerEndpointContainer#0-0-C-1] o.a.k.c.c.internals.ConsumerCoordinator  : [Consumer clientId=consumer-audit-service-1, groupId=audit-service] Notifying assignor about the new Assignment(partitions=[audit-events-0])
2025-09-10T22:33:36.332+05:30  INFO 47336 --- [audit-service] [org.springframework.kafka.KafkaListenerEndpointContainer#0-0-C-1] k.c.c.i.ConsumerRebalanceListenerInvoker : [Consumer clientId=consumer-audit-service-1, groupId=audit-service] Adding newly assigned partitions: audit-events-0
2025-09-10T22:33:36.332+05:30  INFO 47336 --- [audit-service] [org.springframework.kafka.KafkaListenerEndpointContainer#1-0-C-1] k.c.c.i.ConsumerRebalanceListenerInvoker : [Consumer clientId=consumer-audit-service-2, groupId=audit-service] Adding newly assigned partitions: audit-events-raw-0
2025-09-10T22:33:36.359+05:30  INFO 47336 --- [audit-service] [org.springframework.kafka.KafkaListenerEndpointContainer#1-0-C-1] o.a.k.c.c.internals.ConsumerCoordinator  : [Consumer clientId=consumer-audit-service-2, groupId=audit-service] Found no committed offset for partition audit-events-raw-0
2025-09-10T22:33:36.359+05:30  INFO 47336 --- [audit-service] [org.springframework.kafka.KafkaListenerEndpointContainer#0-0-C-1] o.a.k.c.c.internals.ConsumerCoordinator  : [Consumer clientId=consumer-audit-service-1, groupId=audit-service] Found no committed offset for partition audit-events-0
2025-09-10T22:33:36.394+05:30  INFO 47336 --- [audit-service] [org.springframework.kafka.KafkaListenerEndpointContainer#0-0-C-1] o.a.k.c.c.internals.SubscriptionState    : [Consumer clientId=consumer-audit-service-1, groupId=audit-service] Resetting offset for partition audit-events-0 to position FetchPosition{offset=0, offsetEpoch=Optional.empty, currentLeader=LeaderAndEpoch{leader=Optional[localhost:9092 (id: 1 rack: null)], epoch=0}}.
2025-09-10T22:33:36.394+05:30  INFO 47336 --- [audit-service] [org.springframework.kafka.KafkaListenerEndpointContainer#1-0-C-1] o.a.k.c.c.internals.SubscriptionState    : [Consumer clientId=consumer-audit-service-2, groupId=audit-service] Resetting offset for partition audit-events-raw-0 to position FetchPosition{offset=0, offsetEpoch=Optional.empty, currentLeader=LeaderAndEpoch{leader=Optional[localhost:9092 (id: 1 rack: null)], epoch=0}}.
2025-09-10T22:33:36.396+05:30  INFO 47336 --- [audit-service] [org.springframework.kafka.KafkaListenerEndpointContainer#0-0-C-1] o.s.k.l.KafkaMessageListenerContainer    : audit-service: partitions assigned: [audit-events-0]
2025-09-10T22:33:36.396+05:30  INFO 47336 --- [audit-service] [org.springframework.kafka.KafkaListenerEndpointContainer#1-0-C-1] o.s.k.l.KafkaMessageListenerContainer    : audit-service: partitions assigned: [audit-events-raw-0]
2025-09-10T23:12:49.737+05:30  INFO 47336 --- [audit-service] [org.springframework.kafka.KafkaListenerEndpointContainer#1-0-C-1] k.c.c.i.ConsumerRebalanceListenerInvoker : [Consumer clientId=consumer-audit-service-2, groupId=audit-service] Revoke previously assigned partitions audit-events-raw-0
2025-09-10T23:12:49.737+05:30  INFO 47336 --- [audit-service] [org.springframework.kafka.KafkaListenerEndpointContainer#0-0-C-1] k.c.c.i.ConsumerRebalanceListenerInvoker : [Consumer clientId=consumer-audit-service-1, groupId=audit-service] Revoke previously assigned partitions audit-events-0
2025-09-10T23:12:49.743+05:30  INFO 47336 --- [audit-service] [org.springframework.kafka.KafkaListenerEndpointContainer#1-0-C-1] o.s.k.l.KafkaMessageListenerContainer    : audit-service: partitions revoked: [audit-events-raw-0]
2025-09-10T23:12:49.743+05:30  INFO 47336 --- [audit-service] [org.springframework.kafka.KafkaListenerEndpointContainer#0-0-C-1] o.s.k.l.KafkaMessageListenerContainer    : audit-service: partitions revoked: [audit-events-0]
2025-09-10T23:12:49.744+05:30  INFO 47336 --- [audit-service] [org.springframework.kafka.KafkaListenerEndpointContainer#1-0-C-1] o.a.k.c.c.internals.ConsumerCoordinator  : [Consumer clientId=consumer-audit-service-2, groupId=audit-service] Member consumer-audit-service-2-27366e0b-d16e-4370-b1e4-0bf3a31c1960 sending LeaveGroup request to coordinator localhost:9092 (id: 2147483646 rack: null) due to the consumer unsubscribed from all topics
2025-09-10T23:12:49.744+05:30  INFO 47336 --- [audit-service] [org.springframework.kafka.KafkaListenerEndpointContainer#0-0-C-1] o.a.k.c.c.internals.ConsumerCoordinator  : [Consumer clientId=consumer-audit-service-1, groupId=audit-service] Member consumer-audit-service-1-8211c45f-5743-4f32-a690-b97ebb01e811 sending LeaveGroup request to coordinator localhost:9092 (id: 2147483646 rack: null) due to the consumer unsubscribed from all topics
2025-09-10T23:12:49.745+05:30  INFO 47336 --- [audit-service] [org.springframework.kafka.KafkaListenerEndpointContainer#1-0-C-1] o.a.k.c.c.internals.ConsumerCoordinator  : [Consumer clientId=consumer-audit-service-2, groupId=audit-service] Resetting generation and member id due to: consumer pro-actively leaving the group
2025-09-10T23:12:49.745+05:30  INFO 47336 --- [audit-service] [org.springframework.kafka.KafkaListenerEndpointContainer#0-0-C-1] o.a.k.c.c.internals.ConsumerCoordinator  : [Consumer clientId=consumer-audit-service-1, groupId=audit-service] Resetting generation and member id due to: consumer pro-actively leaving the group
2025-09-10T23:12:49.745+05:30  INFO 47336 --- [audit-service] [org.springframework.kafka.KafkaListenerEndpointContainer#1-0-C-1] o.a.k.c.c.internals.ConsumerCoordinator  : [Consumer clientId=consumer-audit-service-2, groupId=audit-service] Request joining group due to: consumer pro-actively leaving the group
2025-09-10T23:12:49.745+05:30  INFO 47336 --- [audit-service] [org.springframework.kafka.KafkaListenerEndpointContainer#0-0-C-1] o.a.k.c.c.internals.ConsumerCoordinator  : [Consumer clientId=consumer-audit-service-1, groupId=audit-service] Request joining group due to: consumer pro-actively leaving the group
2025-09-10T23:12:49.745+05:30  INFO 47336 --- [audit-service] [org.springframework.kafka.KafkaListenerEndpointContainer#1-0-C-1] o.a.k.c.c.i.ClassicKafkaConsumer         : [Consumer clientId=consumer-audit-service-2, groupId=audit-service] Unsubscribed all topics or patterns and assigned partitions
2025-09-10T23:12:49.745+05:30  INFO 47336 --- [audit-service] [org.springframework.kafka.KafkaListenerEndpointContainer#0-0-C-1] o.a.k.c.c.i.ClassicKafkaConsumer         : [Consumer clientId=consumer-audit-service-1, groupId=audit-service] Unsubscribed all topics or patterns and assigned partitions
2025-09-10T23:12:49.749+05:30  INFO 47336 --- [audit-service] [org.springframework.kafka.KafkaListenerEndpointContainer#0-0-C-1] o.a.k.c.c.internals.ConsumerCoordinator  : [Consumer clientId=consumer-audit-service-1, groupId=audit-service] Resetting generation and member id due to: consumer pro-actively leaving the group
2025-09-10T23:12:49.749+05:30  INFO 47336 --- [audit-service] [org.springframework.kafka.KafkaListenerEndpointContainer#1-0-C-1] o.a.k.c.c.internals.ConsumerCoordinator  : [Consumer clientId=consumer-audit-service-2, groupId=audit-service] Resetting generation and member id due to: consumer pro-actively leaving the group
2025-09-10T23:12:49.749+05:30  INFO 47336 --- [audit-service] [org.springframework.kafka.KafkaListenerEndpointContainer#0-0-C-1] o.a.k.c.c.internals.ConsumerCoordinator  : [Consumer clientId=consumer-audit-service-1, groupId=audit-service] Request joining group due to: consumer pro-actively leaving the group
2025-09-10T23:12:49.749+05:30  INFO 47336 --- [audit-service] [org.springframework.kafka.KafkaListenerEndpointContainer#1-0-C-1] o.a.k.c.c.internals.ConsumerCoordinator  : [Consumer clientId=consumer-audit-service-2, groupId=audit-service] Request joining group due to: consumer pro-actively leaving the group
2025-09-10T23:12:49.840+05:30  INFO 47336 --- [audit-service] [org.springframework.kafka.KafkaListenerEndpointContainer#0-0-C-1] o.apache.kafka.common.metrics.Metrics    : Metrics scheduler closed
2025-09-10T23:12:49.840+05:30  INFO 47336 --- [audit-service] [org.springframework.kafka.KafkaListenerEndpointContainer#1-0-C-1] o.apache.kafka.common.metrics.Metrics    : Metrics scheduler closed
2025-09-10T23:12:49.841+05:30  INFO 47336 --- [audit-service] [org.springframework.kafka.KafkaListenerEndpointContainer#1-0-C-1] o.apache.kafka.common.metrics.Metrics    : Closing reporter org.apache.kafka.common.metrics.JmxReporter
2025-09-10T23:12:49.841+05:30  INFO 47336 --- [audit-service] [org.springframework.kafka.KafkaListenerEndpointContainer#0-0-C-1] o.apache.kafka.common.metrics.Metrics    : Closing reporter org.apache.kafka.common.metrics.JmxReporter
2025-09-10T23:12:49.841+05:30  INFO 47336 --- [audit-service] [org.springframework.kafka.KafkaListenerEndpointContainer#1-0-C-1] o.apache.kafka.common.metrics.Metrics    : Closing reporter org.apache.kafka.common.telemetry.internals.ClientTelemetryReporter
2025-09-10T23:12:49.841+05:30  INFO 47336 --- [audit-service] [org.springframework.kafka.KafkaListenerEndpointContainer#0-0-C-1] o.apache.kafka.common.metrics.Metrics    : Closing reporter org.apache.kafka.common.telemetry.internals.ClientTelemetryReporter
2025-09-10T23:12:49.841+05:30  INFO 47336 --- [audit-service] [org.springframework.kafka.KafkaListenerEndpointContainer#1-0-C-1] o.apache.kafka.common.metrics.Metrics    : Metrics reporters closed
2025-09-10T23:12:49.842+05:30  INFO 47336 --- [audit-service] [org.springframework.kafka.KafkaListenerEndpointContainer#0-0-C-1] o.apache.kafka.common.metrics.Metrics    : Metrics reporters closed
2025-09-10T23:12:49.855+05:30  INFO 47336 --- [audit-service] [org.springframework.kafka.KafkaListenerEndpointContainer#0-0-C-1] o.a.kafka.common.utils.AppInfoParser     : App info kafka.consumer for consumer-audit-service-1 unregistered
2025-09-10T23:12:49.856+05:30  INFO 47336 --- [audit-service] [org.springframework.kafka.KafkaListenerEndpointContainer#1-0-C-1] o.a.kafka.common.utils.AppInfoParser     : App info kafka.consumer for consumer-audit-service-2 unregistered
2025-09-10T23:12:49.856+05:30  INFO 47336 --- [audit-service] [org.springframework.kafka.KafkaListenerEndpointContainer#0-0-C-1] o.s.k.l.KafkaMessageListenerContainer    : audit-service: Consumer stopped
2025-09-10T23:12:49.857+05:30  INFO 47336 --- [audit-service] [org.springframework.kafka.KafkaListenerEndpointContainer#1-0-C-1] o.s.k.l.KafkaMessageListenerContainer    : audit-service: Consumer stopped
2025-09-10T23:12:49.865+05:30  INFO 47336 --- [audit-service] [SpringApplicationShutdownHook] o.s.b.w.e.tomcat.GracefulShutdown        : Commencing graceful shutdown. Waiting for active requests to complete
2025-09-10T23:12:49.883+05:30  INFO 47336 --- [audit-service] [tomcat-shutdown] o.s.b.w.e.tomcat.GracefulShutdown        : Graceful shutdown complete
