2025-09-10T22:34:13.710+05:30  INFO 50116 --- [normalizer] [main] c.p.normalizer.NormalizerApplication     : Starting NormalizerApplication using Java 21.0.8 with PID 50116 (C:\Users\poojitha.gandla\Team1_Big_Project_final\normalizer\target\classes started by poojitha.gandla in C:\Users\poojitha.gandla\Team1_Big_Project_final)
2025-09-10T22:34:13.720+05:30  INFO 50116 --- [normalizer] [main] c.p.normalizer.NormalizerApplication     : No active profile set, falling back to 1 default profile: "default"
2025-09-10T22:34:16.569+05:30  INFO 50116 --- [normalizer] [main] .s.d.r.c.RepositoryConfigurationDelegate : Bootstrapping Spring Data MongoDB repositories in DEFAULT mode.
2025-09-10T22:34:16.747+05:30  INFO 50116 --- [normalizer] [main] .s.d.r.c.RepositoryConfigurationDelegate : Finished Spring Data repository scanning in 151 ms. Found 2 MongoDB repository interfaces.
2025-09-10T22:34:18.103+05:30  INFO 50116 --- [normalizer] [main] o.s.b.w.embedded.tomcat.TomcatWebServer  : Tomcat initialized with port 8081 (http)
2025-09-10T22:34:18.141+05:30  INFO 50116 --- [normalizer] [main] o.apache.catalina.core.StandardService   : Starting service [Tomcat]
2025-09-10T22:34:18.143+05:30  INFO 50116 --- [normalizer] [main] o.apache.catalina.core.StandardEngine    : Starting Servlet engine: [Apache Tomcat/10.1.43]
2025-09-10T22:34:18.307+05:30  INFO 50116 --- [normalizer] [main] o.a.c.c.C.[Tomcat].[localhost].[/]       : Initializing Spring embedded WebApplicationContext
2025-09-10T22:34:18.308+05:30  INFO 50116 --- [normalizer] [main] w.s.c.ServletWebServerApplicationContext : Root WebApplicationContext: initialization completed in 4422 ms
2025-09-10T22:34:19.797+05:30  INFO 50116 --- [normalizer] [main] org.mongodb.driver.client                : MongoClient with metadata {"driver": {"name": "mongo-java-driver|sync|spring-boot", "version": "5.5.1"}, "os": {"type": "Windows", "name": "Windows 11", "architecture": "amd64", "version": "10.0"}, "platform": "Java/Oracle Corporation/21.0.8+12-LTS-250"} created with settings MongoClientSettings{readPreference=primary, writeConcern=WriteConcern{w=null, wTimeout=null ms, journal=null}, retryWrites=true, retryReads=true, readConcern=ReadConcern{level=null}, credential=null, transportSettings=null, commandListeners=[io.micrometer.core.instrument.binder.mongodb.MongoMetricsCommandListener@61d60e38], codecRegistry=ProvidersCodecRegistry{codecProviders=[ValueCodecProvider{}, BsonValueCodecProvider{}, DBRefCodecProvider{}, DBObjectCodecProvider{}, DocumentCodecProvider{}, CollectionCodecProvider{}, IterableCodecProvider{}, MapCodecProvider{}, GeoJsonCodecProvider{}, GridFSFileCodecProvider{}, Jsr310CodecProvider{}, JsonObjectCodecProvider{}, BsonCodecProvider{}, EnumCodecProvider{}, com.mongodb.client.model.mql.ExpressionCodecProvider@6e95973c, com.mongodb.Jep395RecordCodecProvider@404ced67, com.mongodb.KotlinCodecProvider@71531dd7]}, loggerSettings=LoggerSettings{maxDocumentLength=1000}, clusterSettings={hosts=[localhost:27017], srvServiceName=mongodb, mode=SINGLE, requiredClusterType=UNKNOWN, requiredReplicaSetName='null', serverSelector='null', clusterListeners='[]', serverSelectionTimeout='30000 ms', localThreshold='15 ms'}, socketSettings=SocketSettings{connectTimeoutMS=10000, readTimeoutMS=0, receiveBufferSize=0, proxySettings=ProxySettings{host=null, port=null, username=null, password=null}}, heartbeatSocketSettings=SocketSettings{connectTimeoutMS=10000, readTimeoutMS=10000, receiveBufferSize=0, proxySettings=ProxySettings{host=null, port=null, username=null, password=null}}, connectionPoolSettings=ConnectionPoolSettings{maxSize=100, minSize=0, maxWaitTimeMS=120000, maxConnectionLifeTimeMS=0, maxConnectionIdleTimeMS=0, maintenanceInitialDelayMS=0, maintenanceFrequencyMS=60000, connectionPoolListeners=[io.micrometer.core.instrument.binder.mongodb.MongoMetricsConnectionPoolListener@20256a0b], maxConnecting=2}, serverSettings=ServerSettings{heartbeatFrequencyMS=10000, minHeartbeatFrequencyMS=500, serverMonitoringMode=AUTO, serverListeners='[]', serverMonitorListeners='[]'}, sslSettings=SslSettings{enabled=false, invalidHostNameAllowed=false, context=null}, applicationName='null', compressorList=[], uuidRepresentation=JAVA_LEGACY, serverApi=null, autoEncryptionSettings=null, dnsClient=null, inetAddressResolver=null, contextProvider=null, timeoutMS=null}
2025-09-10T22:34:19.874+05:30  INFO 50116 --- [normalizer] [cluster-ClusterId{value='68c1af93427cc5e8942e1299', description='null'}-localhost:27017] org.mongodb.driver.cluster               : Monitor thread successfully connected to server with description ServerDescription{address=localhost:27017, type=STANDALONE, cryptd=false, state=CONNECTED, ok=true, minWireVersion=0, maxWireVersion=25, maxDocumentSize=16777216, logicalSessionTimeoutMinutes=30, roundTripTimeNanos=117528900, minRoundTripTimeNanos=0}
2025-09-10T22:34:23.003+05:30  INFO 50116 --- [normalizer] [main] o.s.b.a.e.web.EndpointLinksResolver      : Exposing 14 endpoints beneath base path '/actuator'
2025-09-10T22:34:23.326+05:30  INFO 50116 --- [normalizer] [main] o.s.b.w.embedded.tomcat.TomcatWebServer  : Tomcat started on port 8081 (http) with context path '/'
2025-09-10T22:34:23.420+05:30  INFO 50116 --- [normalizer] [main] o.a.k.clients.consumer.ConsumerConfig    : ConsumerConfig values: 
	allow.auto.create.topics = true
	auto.commit.interval.ms = 5000
	auto.include.jmx.reporter = true
	auto.offset.reset = latest
	bootstrap.servers = [localhost:9092]
	check.crcs = true
	client.dns.lookup = use_all_dns_ips
	client.id = consumer-normalizer-services-1
	client.rack = 
	connections.max.idle.ms = 540000
	default.api.timeout.ms = 60000
	enable.auto.commit = false
	enable.metrics.push = true
	exclude.internal.topics = true
	fetch.max.bytes = 52428800
	fetch.max.wait.ms = 500
	fetch.min.bytes = 1
	group.id = normalizer-services
	group.instance.id = null
	group.protocol = classic
	group.remote.assignor = null
	heartbeat.interval.ms = 3000
	interceptor.classes = []
	internal.leave.group.on.close = true
	internal.throw.on.fetch.stable.offset.unsupported = false
	isolation.level = read_uncommitted
	key.deserializer = class org.apache.kafka.common.serialization.StringDeserializer
	max.partition.fetch.bytes = 1048576
	max.poll.interval.ms = 300000
	max.poll.records = 500
	metadata.max.age.ms = 300000
	metadata.recovery.strategy = none
	metric.reporters = []
	metrics.num.samples = 2
	metrics.recording.level = INFO
	metrics.sample.window.ms = 30000
	partition.assignment.strategy = [class org.apache.kafka.clients.consumer.RangeAssignor, class org.apache.kafka.clients.consumer.CooperativeStickyAssignor]
	receive.buffer.bytes = 65536
	reconnect.backoff.max.ms = 1000
	reconnect.backoff.ms = 50
	request.timeout.ms = 30000
	retry.backoff.max.ms = 1000
	retry.backoff.ms = 100
	sasl.client.callback.handler.class = null
	sasl.jaas.config = null
	sasl.kerberos.kinit.cmd = /usr/bin/kinit
	sasl.kerberos.min.time.before.relogin = 60000
	sasl.kerberos.service.name = null
	sasl.kerberos.ticket.renew.jitter = 0.05
	sasl.kerberos.ticket.renew.window.factor = 0.8
	sasl.login.callback.handler.class = null
	sasl.login.class = null
	sasl.login.connect.timeout.ms = null
	sasl.login.read.timeout.ms = null
	sasl.login.refresh.buffer.seconds = 300
	sasl.login.refresh.min.period.seconds = 60
	sasl.login.refresh.window.factor = 0.8
	sasl.login.refresh.window.jitter = 0.05
	sasl.login.retry.backoff.max.ms = 10000
	sasl.login.retry.backoff.ms = 100
	sasl.mechanism = GSSAPI
	sasl.oauthbearer.clock.skew.seconds = 30
	sasl.oauthbearer.expected.audience = null
	sasl.oauthbearer.expected.issuer = null
	sasl.oauthbearer.header.urlencode = false
	sasl.oauthbearer.jwks.endpoint.refresh.ms = 3600000
	sasl.oauthbearer.jwks.endpoint.retry.backoff.max.ms = 10000
	sasl.oauthbearer.jwks.endpoint.retry.backoff.ms = 100
	sasl.oauthbearer.jwks.endpoint.url = null
	sasl.oauthbearer.scope.claim.name = scope
	sasl.oauthbearer.sub.claim.name = sub
	sasl.oauthbearer.token.endpoint.url = null
	security.protocol = PLAINTEXT
	security.providers = null
	send.buffer.bytes = 131072
	session.timeout.ms = 45000
	socket.connection.setup.timeout.max.ms = 30000
	socket.connection.setup.timeout.ms = 10000
	ssl.cipher.suites = null
	ssl.enabled.protocols = [TLSv1.2, TLSv1.3]
	ssl.endpoint.identification.algorithm = https
	ssl.engine.factory.class = null
	ssl.key.password = null
	ssl.keymanager.algorithm = SunX509
	ssl.keystore.certificate.chain = null
	ssl.keystore.key = null
	ssl.keystore.location = null
	ssl.keystore.password = null
	ssl.keystore.type = JKS
	ssl.protocol = TLSv1.3
	ssl.provider = null
	ssl.secure.random.implementation = null
	ssl.trustmanager.algorithm = PKIX
	ssl.truststore.certificates = null
	ssl.truststore.location = null
	ssl.truststore.password = null
	ssl.truststore.type = JKS
	value.deserializer = class org.apache.kafka.common.serialization.StringDeserializer

2025-09-10T22:34:23.541+05:30  INFO 50116 --- [normalizer] [main] o.a.k.c.t.i.KafkaMetricsCollector        : initializing Kafka metrics collector
2025-09-10T22:34:23.936+05:30  INFO 50116 --- [normalizer] [main] o.a.kafka.common.utils.AppInfoParser     : Kafka version: 3.9.1
2025-09-10T22:34:23.940+05:30  INFO 50116 --- [normalizer] [main] o.a.kafka.common.utils.AppInfoParser     : Kafka commitId: f745dfdcee2b9851
2025-09-10T22:34:23.941+05:30  INFO 50116 --- [normalizer] [main] o.a.kafka.common.utils.AppInfoParser     : Kafka startTimeMs: 1757523863933
2025-09-10T22:34:23.964+05:30  INFO 50116 --- [normalizer] [main] o.a.k.c.c.i.ClassicKafkaConsumer         : [Consumer clientId=consumer-normalizer-services-1, groupId=normalizer-services] Subscribed to topic(s): normalizer-topic
2025-09-10T22:34:24.005+05:30  INFO 50116 --- [normalizer] [main] c.p.normalizer.NormalizerApplication     : Started NormalizerApplication in 11.628 seconds (process running for 12.632)
2025-09-10T22:34:25.251+05:30  INFO 50116 --- [normalizer] [org.springframework.kafka.KafkaListenerEndpointContainer#0-0-C-1] org.apache.kafka.clients.Metadata        : [Consumer clientId=consumer-normalizer-services-1, groupId=normalizer-services] Cluster ID: gLOOEzskQwmG-lHzFalP0g
2025-09-10T22:34:25.253+05:30  INFO 50116 --- [normalizer] [org.springframework.kafka.KafkaListenerEndpointContainer#0-0-C-1] o.a.k.c.c.internals.ConsumerCoordinator  : [Consumer clientId=consumer-normalizer-services-1, groupId=normalizer-services] Discovered group coordinator localhost:9092 (id: 2147483646 rack: null)
2025-09-10T22:34:25.257+05:30  INFO 50116 --- [normalizer] [org.springframework.kafka.KafkaListenerEndpointContainer#0-0-C-1] o.a.k.c.c.internals.ConsumerCoordinator  : [Consumer clientId=consumer-normalizer-services-1, groupId=normalizer-services] (Re-)joining group
2025-09-10T22:34:25.298+05:30  INFO 50116 --- [normalizer] [org.springframework.kafka.KafkaListenerEndpointContainer#0-0-C-1] o.a.k.c.c.internals.ConsumerCoordinator  : [Consumer clientId=consumer-normalizer-services-1, groupId=normalizer-services] Request joining group due to: need to re-join with the given member-id: consumer-normalizer-services-1-91b86b94-45e7-4aa5-a9d8-a2f39b87b670
2025-09-10T22:34:25.300+05:30  INFO 50116 --- [normalizer] [org.springframework.kafka.KafkaListenerEndpointContainer#0-0-C-1] o.a.k.c.c.internals.ConsumerCoordinator  : [Consumer clientId=consumer-normalizer-services-1, groupId=normalizer-services] (Re-)joining group
2025-09-10T22:34:28.297+05:30  INFO 50116 --- [normalizer] [org.springframework.kafka.KafkaListenerEndpointContainer#0-0-C-1] o.a.k.c.c.internals.ConsumerCoordinator  : [Consumer clientId=consumer-normalizer-services-1, groupId=normalizer-services] Successfully joined group with generation Generation{generationId=37, memberId='consumer-normalizer-services-1-91b86b94-45e7-4aa5-a9d8-a2f39b87b670', protocol='range'}
2025-09-10T22:34:28.310+05:30  INFO 50116 --- [normalizer] [org.springframework.kafka.KafkaListenerEndpointContainer#0-0-C-1] o.a.k.c.c.internals.ConsumerCoordinator  : [Consumer clientId=consumer-normalizer-services-1, groupId=normalizer-services] Finished assignment for group at generation 37: {consumer-normalizer-services-1-91b86b94-45e7-4aa5-a9d8-a2f39b87b670=Assignment(partitions=[normalizer-topic-0])}
2025-09-10T22:34:28.325+05:30  INFO 50116 --- [normalizer] [org.springframework.kafka.KafkaListenerEndpointContainer#0-0-C-1] o.a.k.c.c.internals.ConsumerCoordinator  : [Consumer clientId=consumer-normalizer-services-1, groupId=normalizer-services] Successfully synced group in generation Generation{generationId=37, memberId='consumer-normalizer-services-1-91b86b94-45e7-4aa5-a9d8-a2f39b87b670', protocol='range'}
2025-09-10T22:34:28.327+05:30  INFO 50116 --- [normalizer] [org.springframework.kafka.KafkaListenerEndpointContainer#0-0-C-1] o.a.k.c.c.internals.ConsumerCoordinator  : [Consumer clientId=consumer-normalizer-services-1, groupId=normalizer-services] Notifying assignor about the new Assignment(partitions=[normalizer-topic-0])
2025-09-10T22:34:28.331+05:30  INFO 50116 --- [normalizer] [org.springframework.kafka.KafkaListenerEndpointContainer#0-0-C-1] k.c.c.i.ConsumerRebalanceListenerInvoker : [Consumer clientId=consumer-normalizer-services-1, groupId=normalizer-services] Adding newly assigned partitions: normalizer-topic-0
2025-09-10T22:34:28.354+05:30  INFO 50116 --- [normalizer] [org.springframework.kafka.KafkaListenerEndpointContainer#0-0-C-1] o.a.k.c.c.internals.ConsumerUtils        : Setting offset for partition normalizer-topic-0 to the committed offset FetchPosition{offset=63, offsetEpoch=Optional.empty, currentLeader=LeaderAndEpoch{leader=Optional[localhost:9092 (id: 1 rack: null)], epoch=0}}
2025-09-10T22:34:28.358+05:30  INFO 50116 --- [normalizer] [org.springframework.kafka.KafkaListenerEndpointContainer#0-0-C-1] o.s.k.l.KafkaMessageListenerContainer    : normalizer-services: partitions assigned: [normalizer-topic-0]
2025-09-10T22:59:16.550+05:30  INFO 50116 --- [normalizer] [org.springframework.kafka.KafkaListenerEndpointContainer#0-0-C-1] k.c.c.i.ConsumerRebalanceListenerInvoker : [Consumer clientId=consumer-normalizer-services-1, groupId=normalizer-services] Revoke previously assigned partitions normalizer-topic-0
2025-09-10T22:59:16.552+05:30  INFO 50116 --- [normalizer] [org.springframework.kafka.KafkaListenerEndpointContainer#0-0-C-1] o.s.k.l.KafkaMessageListenerContainer    : normalizer-services: partitions revoked: [normalizer-topic-0]
2025-09-10T22:59:16.554+05:30  INFO 50116 --- [normalizer] [org.springframework.kafka.KafkaListenerEndpointContainer#0-0-C-1] o.a.k.c.c.internals.ConsumerCoordinator  : [Consumer clientId=consumer-normalizer-services-1, groupId=normalizer-services] Member consumer-normalizer-services-1-91b86b94-45e7-4aa5-a9d8-a2f39b87b670 sending LeaveGroup request to coordinator localhost:9092 (id: 2147483646 rack: null) due to the consumer unsubscribed from all topics
2025-09-10T22:59:16.555+05:30  INFO 50116 --- [normalizer] [org.springframework.kafka.KafkaListenerEndpointContainer#0-0-C-1] o.a.k.c.c.internals.ConsumerCoordinator  : [Consumer clientId=consumer-normalizer-services-1, groupId=normalizer-services] Resetting generation and member id due to: consumer pro-actively leaving the group
2025-09-10T22:59:16.555+05:30  INFO 50116 --- [normalizer] [org.springframework.kafka.KafkaListenerEndpointContainer#0-0-C-1] o.a.k.c.c.internals.ConsumerCoordinator  : [Consumer clientId=consumer-normalizer-services-1, groupId=normalizer-services] Request joining group due to: consumer pro-actively leaving the group
2025-09-10T22:59:16.556+05:30  INFO 50116 --- [normalizer] [org.springframework.kafka.KafkaListenerEndpointContainer#0-0-C-1] o.a.k.c.c.i.ClassicKafkaConsumer         : [Consumer clientId=consumer-normalizer-services-1, groupId=normalizer-services] Unsubscribed all topics or patterns and assigned partitions
2025-09-10T22:59:16.561+05:30  INFO 50116 --- [normalizer] [org.springframework.kafka.KafkaListenerEndpointContainer#0-0-C-1] o.a.k.c.c.internals.ConsumerCoordinator  : [Consumer clientId=consumer-normalizer-services-1, groupId=normalizer-services] Resetting generation and member id due to: consumer pro-actively leaving the group
2025-09-10T22:59:16.562+05:30  INFO 50116 --- [normalizer] [org.springframework.kafka.KafkaListenerEndpointContainer#0-0-C-1] o.a.k.c.c.internals.ConsumerCoordinator  : [Consumer clientId=consumer-normalizer-services-1, groupId=normalizer-services] Request joining group due to: consumer pro-actively leaving the group
2025-09-10T22:59:16.788+05:30  INFO 50116 --- [normalizer] [org.springframework.kafka.KafkaListenerEndpointContainer#0-0-C-1] o.apache.kafka.common.metrics.Metrics    : Metrics scheduler closed
2025-09-10T22:59:16.788+05:30  INFO 50116 --- [normalizer] [org.springframework.kafka.KafkaListenerEndpointContainer#0-0-C-1] o.apache.kafka.common.metrics.Metrics    : Closing reporter org.apache.kafka.common.metrics.JmxReporter
2025-09-10T22:59:16.789+05:30  INFO 50116 --- [normalizer] [org.springframework.kafka.KafkaListenerEndpointContainer#0-0-C-1] o.apache.kafka.common.metrics.Metrics    : Closing reporter org.apache.kafka.common.telemetry.internals.ClientTelemetryReporter
2025-09-10T22:59:16.789+05:30  INFO 50116 --- [normalizer] [org.springframework.kafka.KafkaListenerEndpointContainer#0-0-C-1] o.apache.kafka.common.metrics.Metrics    : Metrics reporters closed
2025-09-10T22:59:16.802+05:30  INFO 50116 --- [normalizer] [org.springframework.kafka.KafkaListenerEndpointContainer#0-0-C-1] o.a.kafka.common.utils.AppInfoParser     : App info kafka.consumer for consumer-normalizer-services-1 unregistered
2025-09-10T22:59:16.804+05:30  INFO 50116 --- [normalizer] [org.springframework.kafka.KafkaListenerEndpointContainer#0-0-C-1] o.s.k.l.KafkaMessageListenerContainer    : normalizer-services: Consumer stopped
2025-09-10T22:59:16.810+05:30  INFO 50116 --- [normalizer] [SpringApplicationShutdownHook] o.s.b.w.e.tomcat.GracefulShutdown        : Commencing graceful shutdown. Waiting for active requests to complete
2025-09-10T22:59:16.830+05:30  INFO 50116 --- [normalizer] [tomcat-shutdown] o.s.b.w.e.tomcat.GracefulShutdown        : Graceful shutdown complete
2025-09-10T22:59:22.148+05:30  INFO 33736 --- [normalizer] [main] c.p.normalizer.NormalizerApplication     : Starting NormalizerApplication using Java 21.0.8 with PID 33736 (C:\Users\poojitha.gandla\Team1_Big_Project_final\normalizer\target\classes started by poojitha.gandla in C:\Users\poojitha.gandla\Team1_Big_Project_final)
2025-09-10T22:59:22.154+05:30  INFO 33736 --- [normalizer] [main] c.p.normalizer.NormalizerApplication     : No active profile set, falling back to 1 default profile: "default"
2025-09-10T22:59:25.321+05:30  INFO 33736 --- [normalizer] [main] .s.d.r.c.RepositoryConfigurationDelegate : Bootstrapping Spring Data MongoDB repositories in DEFAULT mode.
2025-09-10T22:59:25.550+05:30  INFO 33736 --- [normalizer] [main] .s.d.r.c.RepositoryConfigurationDelegate : Finished Spring Data repository scanning in 190 ms. Found 2 MongoDB repository interfaces.
2025-09-10T22:59:27.204+05:30  INFO 33736 --- [normalizer] [main] o.s.b.w.embedded.tomcat.TomcatWebServer  : Tomcat initialized with port 8081 (http)
2025-09-10T22:59:27.252+05:30  INFO 33736 --- [normalizer] [main] o.apache.catalina.core.StandardService   : Starting service [Tomcat]
2025-09-10T22:59:27.253+05:30  INFO 33736 --- [normalizer] [main] o.apache.catalina.core.StandardEngine    : Starting Servlet engine: [Apache Tomcat/10.1.43]
2025-09-10T22:59:27.434+05:30  INFO 33736 --- [normalizer] [main] o.a.c.c.C.[Tomcat].[localhost].[/]       : Initializing Spring embedded WebApplicationContext
2025-09-10T22:59:27.435+05:30  INFO 33736 --- [normalizer] [main] w.s.c.ServletWebServerApplicationContext : Root WebApplicationContext: initialization completed in 5124 ms
2025-09-10T22:59:28.872+05:30  INFO 33736 --- [normalizer] [main] org.mongodb.driver.client                : MongoClient with metadata {"driver": {"name": "mongo-java-driver|sync|spring-boot", "version": "5.5.1"}, "os": {"type": "Windows", "name": "Windows 11", "architecture": "amd64", "version": "10.0"}, "platform": "Java/Oracle Corporation/21.0.8+12-LTS-250"} created with settings MongoClientSettings{readPreference=primary, writeConcern=WriteConcern{w=null, wTimeout=null ms, journal=null}, retryWrites=true, retryReads=true, readConcern=ReadConcern{level=null}, credential=null, transportSettings=null, commandListeners=[io.micrometer.core.instrument.binder.mongodb.MongoMetricsCommandListener@7b9e25bd], codecRegistry=ProvidersCodecRegistry{codecProviders=[ValueCodecProvider{}, BsonValueCodecProvider{}, DBRefCodecProvider{}, DBObjectCodecProvider{}, DocumentCodecProvider{}, CollectionCodecProvider{}, IterableCodecProvider{}, MapCodecProvider{}, GeoJsonCodecProvider{}, GridFSFileCodecProvider{}, Jsr310CodecProvider{}, JsonObjectCodecProvider{}, BsonCodecProvider{}, EnumCodecProvider{}, com.mongodb.client.model.mql.ExpressionCodecProvider@2d206a71, com.mongodb.Jep395RecordCodecProvider@37e7c4cc, com.mongodb.KotlinCodecProvider@3a40bb52]}, loggerSettings=LoggerSettings{maxDocumentLength=1000}, clusterSettings={hosts=[localhost:27017], srvServiceName=mongodb, mode=SINGLE, requiredClusterType=UNKNOWN, requiredReplicaSetName='null', serverSelector='null', clusterListeners='[]', serverSelectionTimeout='30000 ms', localThreshold='15 ms'}, socketSettings=SocketSettings{connectTimeoutMS=10000, readTimeoutMS=0, receiveBufferSize=0, proxySettings=ProxySettings{host=null, port=null, username=null, password=null}}, heartbeatSocketSettings=SocketSettings{connectTimeoutMS=10000, readTimeoutMS=10000, receiveBufferSize=0, proxySettings=ProxySettings{host=null, port=null, username=null, password=null}}, connectionPoolSettings=ConnectionPoolSettings{maxSize=100, minSize=0, maxWaitTimeMS=120000, maxConnectionLifeTimeMS=0, maxConnectionIdleTimeMS=0, maintenanceInitialDelayMS=0, maintenanceFrequencyMS=60000, connectionPoolListeners=[io.micrometer.core.instrument.binder.mongodb.MongoMetricsConnectionPoolListener@3079c26a], maxConnecting=2}, serverSettings=ServerSettings{heartbeatFrequencyMS=10000, minHeartbeatFrequencyMS=500, serverMonitoringMode=AUTO, serverListeners='[]', serverMonitorListeners='[]'}, sslSettings=SslSettings{enabled=false, invalidHostNameAllowed=false, context=null}, applicationName='null', compressorList=[], uuidRepresentation=JAVA_LEGACY, serverApi=null, autoEncryptionSettings=null, dnsClient=null, inetAddressResolver=null, contextProvider=null, timeoutMS=null}
2025-09-10T22:59:28.976+05:30  INFO 33736 --- [normalizer] [cluster-ClusterId{value='68c1b57844629080aff26711', description='null'}-localhost:27017] org.mongodb.driver.cluster               : Monitor thread successfully connected to server with description ServerDescription{address=localhost:27017, type=STANDALONE, cryptd=false, state=CONNECTED, ok=true, minWireVersion=0, maxWireVersion=25, maxDocumentSize=16777216, logicalSessionTimeoutMinutes=30, roundTripTimeNanos=96877200, minRoundTripTimeNanos=0}
2025-09-10T22:59:32.417+05:30  INFO 33736 --- [normalizer] [main] o.s.b.a.e.web.EndpointLinksResolver      : Exposing 14 endpoints beneath base path '/actuator'
2025-09-10T22:59:32.865+05:30  INFO 33736 --- [normalizer] [main] o.s.b.w.embedded.tomcat.TomcatWebServer  : Tomcat started on port 8081 (http) with context path '/'
2025-09-10T22:59:32.978+05:30  INFO 33736 --- [normalizer] [main] o.a.k.clients.consumer.ConsumerConfig    : ConsumerConfig values: 
	allow.auto.create.topics = true
	auto.commit.interval.ms = 5000
	auto.include.jmx.reporter = true
	auto.offset.reset = latest
	bootstrap.servers = [localhost:9092]
	check.crcs = true
	client.dns.lookup = use_all_dns_ips
	client.id = consumer-normalizer-services-1
	client.rack = 
	connections.max.idle.ms = 540000
	default.api.timeout.ms = 60000
	enable.auto.commit = false
	enable.metrics.push = true
	exclude.internal.topics = true
	fetch.max.bytes = 52428800
	fetch.max.wait.ms = 500
	fetch.min.bytes = 1
	group.id = normalizer-services
	group.instance.id = null
	group.protocol = classic
	group.remote.assignor = null
	heartbeat.interval.ms = 3000
	interceptor.classes = []
	internal.leave.group.on.close = true
	internal.throw.on.fetch.stable.offset.unsupported = false
	isolation.level = read_uncommitted
	key.deserializer = class org.apache.kafka.common.serialization.StringDeserializer
	max.partition.fetch.bytes = 1048576
	max.poll.interval.ms = 300000
	max.poll.records = 500
	metadata.max.age.ms = 300000
	metadata.recovery.strategy = none
	metric.reporters = []
	metrics.num.samples = 2
	metrics.recording.level = INFO
	metrics.sample.window.ms = 30000
	partition.assignment.strategy = [class org.apache.kafka.clients.consumer.RangeAssignor, class org.apache.kafka.clients.consumer.CooperativeStickyAssignor]
	receive.buffer.bytes = 65536
	reconnect.backoff.max.ms = 1000
	reconnect.backoff.ms = 50
	request.timeout.ms = 30000
	retry.backoff.max.ms = 1000
	retry.backoff.ms = 100
	sasl.client.callback.handler.class = null
	sasl.jaas.config = null
	sasl.kerberos.kinit.cmd = /usr/bin/kinit
	sasl.kerberos.min.time.before.relogin = 60000
	sasl.kerberos.service.name = null
	sasl.kerberos.ticket.renew.jitter = 0.05
	sasl.kerberos.ticket.renew.window.factor = 0.8
	sasl.login.callback.handler.class = null
	sasl.login.class = null
	sasl.login.connect.timeout.ms = null
	sasl.login.read.timeout.ms = null
	sasl.login.refresh.buffer.seconds = 300
	sasl.login.refresh.min.period.seconds = 60
	sasl.login.refresh.window.factor = 0.8
	sasl.login.refresh.window.jitter = 0.05
	sasl.login.retry.backoff.max.ms = 10000
	sasl.login.retry.backoff.ms = 100
	sasl.mechanism = GSSAPI
	sasl.oauthbearer.clock.skew.seconds = 30
	sasl.oauthbearer.expected.audience = null
	sasl.oauthbearer.expected.issuer = null
	sasl.oauthbearer.header.urlencode = false
	sasl.oauthbearer.jwks.endpoint.refresh.ms = 3600000
	sasl.oauthbearer.jwks.endpoint.retry.backoff.max.ms = 10000
	sasl.oauthbearer.jwks.endpoint.retry.backoff.ms = 100
	sasl.oauthbearer.jwks.endpoint.url = null
	sasl.oauthbearer.scope.claim.name = scope
	sasl.oauthbearer.sub.claim.name = sub
	sasl.oauthbearer.token.endpoint.url = null
	security.protocol = PLAINTEXT
	security.providers = null
	send.buffer.bytes = 131072
	session.timeout.ms = 45000
	socket.connection.setup.timeout.max.ms = 30000
	socket.connection.setup.timeout.ms = 10000
	ssl.cipher.suites = null
	ssl.enabled.protocols = [TLSv1.2, TLSv1.3]
	ssl.endpoint.identification.algorithm = https
	ssl.engine.factory.class = null
	ssl.key.password = null
	ssl.keymanager.algorithm = SunX509
	ssl.keystore.certificate.chain = null
	ssl.keystore.key = null
	ssl.keystore.location = null
	ssl.keystore.password = null
	ssl.keystore.type = JKS
	ssl.protocol = TLSv1.3
	ssl.provider = null
	ssl.secure.random.implementation = null
	ssl.trustmanager.algorithm = PKIX
	ssl.truststore.certificates = null
	ssl.truststore.location = null
	ssl.truststore.password = null
	ssl.truststore.type = JKS
	value.deserializer = class org.apache.kafka.common.serialization.StringDeserializer

2025-09-10T22:59:33.101+05:30  INFO 33736 --- [normalizer] [main] o.a.k.c.t.i.KafkaMetricsCollector        : initializing Kafka metrics collector
2025-09-10T22:59:33.522+05:30  INFO 33736 --- [normalizer] [main] o.a.kafka.common.utils.AppInfoParser     : Kafka version: 3.9.1
2025-09-10T22:59:33.527+05:30  INFO 33736 --- [normalizer] [main] o.a.kafka.common.utils.AppInfoParser     : Kafka commitId: f745dfdcee2b9851
2025-09-10T22:59:33.527+05:30  INFO 33736 --- [normalizer] [main] o.a.kafka.common.utils.AppInfoParser     : Kafka startTimeMs: 1757525373518
2025-09-10T22:59:33.565+05:30  INFO 33736 --- [normalizer] [main] o.a.k.c.c.i.ClassicKafkaConsumer         : [Consumer clientId=consumer-normalizer-services-1, groupId=normalizer-services] Subscribed to topic(s): normalizer-topic
2025-09-10T22:59:33.616+05:30  INFO 33736 --- [normalizer] [main] c.p.normalizer.NormalizerApplication     : Started NormalizerApplication in 12.977 seconds (process running for 14.189)
2025-09-10T22:59:34.969+05:30  INFO 33736 --- [normalizer] [org.springframework.kafka.KafkaListenerEndpointContainer#0-0-C-1] org.apache.kafka.clients.Metadata        : [Consumer clientId=consumer-normalizer-services-1, groupId=normalizer-services] Cluster ID: gLOOEzskQwmG-lHzFalP0g
2025-09-10T22:59:34.972+05:30  INFO 33736 --- [normalizer] [org.springframework.kafka.KafkaListenerEndpointContainer#0-0-C-1] o.a.k.c.c.internals.ConsumerCoordinator  : [Consumer clientId=consumer-normalizer-services-1, groupId=normalizer-services] Discovered group coordinator localhost:9092 (id: 2147483646 rack: null)
2025-09-10T22:59:34.979+05:30  INFO 33736 --- [normalizer] [org.springframework.kafka.KafkaListenerEndpointContainer#0-0-C-1] o.a.k.c.c.internals.ConsumerCoordinator  : [Consumer clientId=consumer-normalizer-services-1, groupId=normalizer-services] (Re-)joining group
2025-09-10T22:59:35.024+05:30  INFO 33736 --- [normalizer] [org.springframework.kafka.KafkaListenerEndpointContainer#0-0-C-1] o.a.k.c.c.internals.ConsumerCoordinator  : [Consumer clientId=consumer-normalizer-services-1, groupId=normalizer-services] Request joining group due to: need to re-join with the given member-id: consumer-normalizer-services-1-dac51b00-f0d0-4826-ab31-ae0265fc0a8c
2025-09-10T22:59:35.025+05:30  INFO 33736 --- [normalizer] [org.springframework.kafka.KafkaListenerEndpointContainer#0-0-C-1] o.a.k.c.c.internals.ConsumerCoordinator  : [Consumer clientId=consumer-normalizer-services-1, groupId=normalizer-services] (Re-)joining group
2025-09-10T22:59:38.035+05:30  INFO 33736 --- [normalizer] [org.springframework.kafka.KafkaListenerEndpointContainer#0-0-C-1] o.a.k.c.c.internals.ConsumerCoordinator  : [Consumer clientId=consumer-normalizer-services-1, groupId=normalizer-services] Successfully joined group with generation Generation{generationId=39, memberId='consumer-normalizer-services-1-dac51b00-f0d0-4826-ab31-ae0265fc0a8c', protocol='range'}
2025-09-10T22:59:38.046+05:30  INFO 33736 --- [normalizer] [org.springframework.kafka.KafkaListenerEndpointContainer#0-0-C-1] o.a.k.c.c.internals.ConsumerCoordinator  : [Consumer clientId=consumer-normalizer-services-1, groupId=normalizer-services] Finished assignment for group at generation 39: {consumer-normalizer-services-1-dac51b00-f0d0-4826-ab31-ae0265fc0a8c=Assignment(partitions=[normalizer-topic-0])}
2025-09-10T22:59:38.062+05:30  INFO 33736 --- [normalizer] [org.springframework.kafka.KafkaListenerEndpointContainer#0-0-C-1] o.a.k.c.c.internals.ConsumerCoordinator  : [Consumer clientId=consumer-normalizer-services-1, groupId=normalizer-services] Successfully synced group in generation Generation{generationId=39, memberId='consumer-normalizer-services-1-dac51b00-f0d0-4826-ab31-ae0265fc0a8c', protocol='range'}
2025-09-10T22:59:38.064+05:30  INFO 33736 --- [normalizer] [org.springframework.kafka.KafkaListenerEndpointContainer#0-0-C-1] o.a.k.c.c.internals.ConsumerCoordinator  : [Consumer clientId=consumer-normalizer-services-1, groupId=normalizer-services] Notifying assignor about the new Assignment(partitions=[normalizer-topic-0])
2025-09-10T22:59:38.069+05:30  INFO 33736 --- [normalizer] [org.springframework.kafka.KafkaListenerEndpointContainer#0-0-C-1] k.c.c.i.ConsumerRebalanceListenerInvoker : [Consumer clientId=consumer-normalizer-services-1, groupId=normalizer-services] Adding newly assigned partitions: normalizer-topic-0
2025-09-10T22:59:38.098+05:30  INFO 33736 --- [normalizer] [org.springframework.kafka.KafkaListenerEndpointContainer#0-0-C-1] o.a.k.c.c.internals.ConsumerUtils        : Setting offset for partition normalizer-topic-0 to the committed offset FetchPosition{offset=63, offsetEpoch=Optional.empty, currentLeader=LeaderAndEpoch{leader=Optional[localhost:9092 (id: 1 rack: null)], epoch=0}}
2025-09-10T22:59:38.102+05:30  INFO 33736 --- [normalizer] [org.springframework.kafka.KafkaListenerEndpointContainer#0-0-C-1] o.s.k.l.KafkaMessageListenerContainer    : normalizer-services: partitions assigned: [normalizer-topic-0]
2025-09-10T23:07:15.481+05:30  INFO 33736 --- [normalizer] [org.springframework.kafka.KafkaListenerEndpointContainer#0-0-C-1] k.c.c.i.ConsumerRebalanceListenerInvoker : [Consumer clientId=consumer-normalizer-services-1, groupId=normalizer-services] Revoke previously assigned partitions normalizer-topic-0
2025-09-10T23:07:15.482+05:30  INFO 33736 --- [normalizer] [org.springframework.kafka.KafkaListenerEndpointContainer#0-0-C-1] o.s.k.l.KafkaMessageListenerContainer    : normalizer-services: partitions revoked: [normalizer-topic-0]
2025-09-10T23:07:15.483+05:30  INFO 33736 --- [normalizer] [org.springframework.kafka.KafkaListenerEndpointContainer#0-0-C-1] o.a.k.c.c.internals.ConsumerCoordinator  : [Consumer clientId=consumer-normalizer-services-1, groupId=normalizer-services] Member consumer-normalizer-services-1-dac51b00-f0d0-4826-ab31-ae0265fc0a8c sending LeaveGroup request to coordinator localhost:9092 (id: 2147483646 rack: null) due to the consumer unsubscribed from all topics
2025-09-10T23:07:15.484+05:30  INFO 33736 --- [normalizer] [org.springframework.kafka.KafkaListenerEndpointContainer#0-0-C-1] o.a.k.c.c.internals.ConsumerCoordinator  : [Consumer clientId=consumer-normalizer-services-1, groupId=normalizer-services] Resetting generation and member id due to: consumer pro-actively leaving the group
2025-09-10T23:07:15.484+05:30  INFO 33736 --- [normalizer] [org.springframework.kafka.KafkaListenerEndpointContainer#0-0-C-1] o.a.k.c.c.internals.ConsumerCoordinator  : [Consumer clientId=consumer-normalizer-services-1, groupId=normalizer-services] Request joining group due to: consumer pro-actively leaving the group
2025-09-10T23:07:15.484+05:30  INFO 33736 --- [normalizer] [org.springframework.kafka.KafkaListenerEndpointContainer#0-0-C-1] o.a.k.c.c.i.ClassicKafkaConsumer         : [Consumer clientId=consumer-normalizer-services-1, groupId=normalizer-services] Unsubscribed all topics or patterns and assigned partitions
2025-09-10T23:07:15.487+05:30  INFO 33736 --- [normalizer] [org.springframework.kafka.KafkaListenerEndpointContainer#0-0-C-1] o.a.k.c.c.internals.ConsumerCoordinator  : [Consumer clientId=consumer-normalizer-services-1, groupId=normalizer-services] Resetting generation and member id due to: consumer pro-actively leaving the group
2025-09-10T23:07:15.487+05:30  INFO 33736 --- [normalizer] [org.springframework.kafka.KafkaListenerEndpointContainer#0-0-C-1] o.a.k.c.c.internals.ConsumerCoordinator  : [Consumer clientId=consumer-normalizer-services-1, groupId=normalizer-services] Request joining group due to: consumer pro-actively leaving the group
2025-09-10T23:07:15.504+05:30  INFO 33736 --- [normalizer] [org.springframework.kafka.KafkaListenerEndpointContainer#0-0-C-1] o.apache.kafka.common.metrics.Metrics    : Metrics scheduler closed
2025-09-10T23:07:15.504+05:30  INFO 33736 --- [normalizer] [org.springframework.kafka.KafkaListenerEndpointContainer#0-0-C-1] o.apache.kafka.common.metrics.Metrics    : Closing reporter org.apache.kafka.common.metrics.JmxReporter
2025-09-10T23:07:15.506+05:30  INFO 33736 --- [normalizer] [org.springframework.kafka.KafkaListenerEndpointContainer#0-0-C-1] o.apache.kafka.common.metrics.Metrics    : Closing reporter org.apache.kafka.common.telemetry.internals.ClientTelemetryReporter
2025-09-10T23:07:15.507+05:30  INFO 33736 --- [normalizer] [org.springframework.kafka.KafkaListenerEndpointContainer#0-0-C-1] o.apache.kafka.common.metrics.Metrics    : Metrics reporters closed
2025-09-10T23:07:15.518+05:30  INFO 33736 --- [normalizer] [org.springframework.kafka.KafkaListenerEndpointContainer#0-0-C-1] o.a.kafka.common.utils.AppInfoParser     : App info kafka.consumer for consumer-normalizer-services-1 unregistered
2025-09-10T23:07:15.520+05:30  INFO 33736 --- [normalizer] [org.springframework.kafka.KafkaListenerEndpointContainer#0-0-C-1] o.s.k.l.KafkaMessageListenerContainer    : normalizer-services: Consumer stopped
2025-09-10T23:07:15.529+05:30  INFO 33736 --- [normalizer] [SpringApplicationShutdownHook] o.s.b.w.e.tomcat.GracefulShutdown        : Commencing graceful shutdown. Waiting for active requests to complete
2025-09-10T23:07:15.547+05:30  INFO 33736 --- [normalizer] [tomcat-shutdown] o.s.b.w.e.tomcat.GracefulShutdown        : Graceful shutdown complete
